\BOOKMARK [0][-]{chapter.1}{\376\377\0001\000\040\000R\000A\000W\000-\000R\000O\000A\000M\000:\000\040\000R\000e\000a\000l\000l\000y\000\040\000A\000d\000v\000e\000r\000s\000e\000\040\000W\000e\000a\000t\000h\000e\000r\000-\000R\000a\000d\000a\000r\000\040\000O\000d\000o\000m\000e\000t\000r\000y\000\040\000a\000n\000d\000\040\000M\000a\000p\000p\000i\000n\000g\000\040\000\050\000P\000y\000t\000h\000o\000n\000\040\000r\000e\000i\000m\000p\000l\000e\000m\000e\000n\000t\000a\000t\000i\000o\000n\000\040\000o\000f\000\040\000R\000a\000d\000a\000r\000S\000L\000A\000M\000\051}{}% 1
\BOOKMARK [1][-]{section.1.1}{\376\377\0001\000.\0001\000\040\000R\000e\000s\000u\000l\000t\000s\000\040\000\050\000O\000d\000o\000m\000e\000t\000r\000y\000\051}{chapter.1}% 2
\BOOKMARK [1][-]{section.1.2}{\376\377\0001\000.\0002\000\040\000R\000u\000n\000n\000i\000n\000g\000\040\000C\000o\000d\000e}{chapter.1}% 3
\BOOKMARK [2][-]{subsection.1.2.1}{\376\377\0001\000.\0002\000.\0001\000\040\000R\000a\000d\000a\000r\000\040\000S\000e\000q\000u\000e\000n\000c\000e\000s}{section.1.2}% 4
\BOOKMARK [1][-]{section.1.3}{\376\377\0001\000.\0003\000\040\000D\000o\000c\000u\000m\000e\000n\000t\000a\000t\000i\000o\000n}{chapter.1}% 5
\BOOKMARK [1][-]{section.1.4}{\376\377\0001\000.\0004\000\040\000R\000e\000l\000e\000v\000a\000n\000t\000\040\000P\000a\000p\000e\000r\000s}{chapter.1}% 6
\BOOKMARK [0][-]{chapter.2}{\376\377\0002\000\040\000N\000a\000m\000e\000s\000p\000a\000c\000e\000\040\000I\000n\000d\000e\000x}{}% 7
\BOOKMARK [1][-]{section.2.1}{\376\377\0002\000.\0001\000\040\000P\000a\000c\000k\000a\000g\000e\000s}{chapter.2}% 8
\BOOKMARK [0][-]{chapter.3}{\376\377\0003\000\040\000H\000i\000e\000r\000a\000r\000c\000h\000i\000c\000a\000l\000\040\000I\000n\000d\000e\000x}{}% 9
\BOOKMARK [1][-]{section.3.1}{\376\377\0003\000.\0001\000\040\000C\000l\000a\000s\000s\000\040\000H\000i\000e\000r\000a\000r\000c\000h\000y}{chapter.3}% 10
\BOOKMARK [0][-]{chapter.4}{\376\377\0004\000\040\000C\000l\000a\000s\000s\000\040\000I\000n\000d\000e\000x}{}% 11
\BOOKMARK [1][-]{section.4.1}{\376\377\0004\000.\0001\000\040\000C\000l\000a\000s\000s\000\040\000L\000i\000s\000t}{chapter.4}% 12
\BOOKMARK [0][-]{chapter.5}{\376\377\0005\000\040\000N\000a\000m\000e\000s\000p\000a\000c\000e\000\040\000D\000o\000c\000u\000m\000e\000n\000t\000a\000t\000i\000o\000n}{}% 13
\BOOKMARK [1][-]{section.5.1}{\376\377\0005\000.\0001\000\040\000A\000N\000M\000S\000\040\000N\000a\000m\000e\000s\000p\000a\000c\000e\000\040\000R\000e\000f\000e\000r\000e\000n\000c\000e}{chapter.5}% 14
\BOOKMARK [2][-]{subsection.5.1.1}{\376\377\0005\000.\0001\000.\0001\000\040\000F\000u\000n\000c\000t\000i\000o\000n\000\040\000D\000o\000c\000u\000m\000e\000n\000t\000a\000t\000i\000o\000n}{section.5.1}% 15
\BOOKMARK [3][-]{subsubsection.5.1.1.1}{\376\377\0005\000.\0001\000.\0001\000.\0001\000\040\000s\000s\000c\000\050\000\051}{subsection.5.1.1}% 16
\BOOKMARK [1][-]{section.5.2}{\376\377\0005\000.\0002\000\040\000C\000o\000o\000r\000d\000\040\000N\000a\000m\000e\000s\000p\000a\000c\000e\000\040\000R\000e\000f\000e\000r\000e\000n\000c\000e}{chapter.5}% 17
\BOOKMARK [1][-]{section.5.3}{\376\377\0005\000.\0003\000\040\000F\000M\000T\000\040\000N\000a\000m\000e\000s\000p\000a\000c\000e\000\040\000R\000e\000f\000e\000r\000e\000n\000c\000e}{chapter.5}% 18
\BOOKMARK [2][-]{subsection.5.3.1}{\376\377\0005\000.\0003\000.\0001\000\040\000F\000u\000n\000c\000t\000i\000o\000n\000\040\000D\000o\000c\000u\000m\000e\000n\000t\000a\000t\000i\000o\000n}{section.5.3}% 19
\BOOKMARK [3][-]{subsubsection.5.3.1.1}{\376\377\0005\000.\0003\000.\0001\000.\0001\000\040\000g\000e\000t\000R\000o\000t\000a\000t\000i\000o\000n\000U\000s\000i\000n\000g\000F\000M\000T\000\050\000\051}{subsection.5.3.1}% 20
\BOOKMARK [3][-]{subsubsection.5.3.1.2}{\376\377\0005\000.\0003\000.\0001\000.\0002\000\040\000g\000e\000t\000T\000r\000a\000n\000s\000l\000a\000t\000i\000o\000n\000U\000s\000i\000n\000g\000P\000h\000a\000s\000e\000C\000o\000r\000r\000e\000l\000a\000t\000i\000o\000n\000\050\000\051}{subsection.5.3.1}% 21
\BOOKMARK [3][-]{subsubsection.5.3.1.3}{\376\377\0005\000.\0003\000.\0001\000.\0003\000\040\000p\000l\000o\000t\000C\000a\000r\000t\000P\000o\000l\000a\000r\000\050\000\051}{subsection.5.3.1}% 22
\BOOKMARK [3][-]{subsubsection.5.3.1.4}{\376\377\0005\000.\0003\000.\0001\000.\0004\000\040\000p\000l\000o\000t\000C\000a\000r\000t\000P\000o\000l\000a\000r\000W\000i\000t\000h\000R\000o\000t\000a\000t\000i\000o\000n\000\050\000\051}{subsection.5.3.1}% 23
\BOOKMARK [3][-]{subsubsection.5.3.1.5}{\376\377\0005\000.\0003\000.\0001\000.\0005\000\040\000r\000o\000t\000a\000t\000e\000I\000m\000g\000\050\000\051}{subsection.5.3.1}% 24
\BOOKMARK [2][-]{subsection.5.3.2}{\376\377\0005\000.\0003\000.\0002\000\040\000V\000a\000r\000i\000a\000b\000l\000e\000\040\000D\000o\000c\000u\000m\000e\000n\000t\000a\000t\000i\000o\000n}{section.5.3}% 25
\BOOKMARK [3][-]{subsubsection.5.3.2.1}{\376\377\0005\000.\0003\000.\0002\000.\0001\000\040\000c\000u\000r\000r\000I\000m\000g\000C\000a\000r\000t}{subsection.5.3.2}% 26
\BOOKMARK [3][-]{subsubsection.5.3.2.2}{\376\377\0005\000.\0003\000.\0002\000.\0002\000\040\000c\000u\000r\000r\000I\000m\000g\000P\000o\000l\000a\000r}{subsection.5.3.2}% 27
\BOOKMARK [3][-]{subsubsection.5.3.2.3}{\376\377\0005\000.\0003\000.\0002\000.\0003\000\040\000d\000a\000t\000a\000P\000a\000t\000h}{subsection.5.3.2}% 28
\BOOKMARK [3][-]{subsubsection.5.3.2.4}{\376\377\0005\000.\0003\000.\0002\000.\0004\000\040\000e\000n\000d\000S\000e\000q\000I\000n\000d}{subsection.5.3.2}% 29
\BOOKMARK [3][-]{subsubsection.5.3.2.5}{\376\377\0005\000.\0003\000.\0002\000.\0005\000\040\000e\000x\000i\000s\000t\000\137\000o\000k}{subsection.5.3.2}% 30
\BOOKMARK [3][-]{subsubsection.5.3.2.6}{\376\377\0005\000.\0003\000.\0002\000.\0006\000\040\000F\000M\000T\000\137\000D\000O\000W\000N\000S\000A\000M\000P\000L\000E\000\137\000F\000A\000C\000T\000O\000R}{subsection.5.3.2}% 31
\BOOKMARK [3][-]{subsubsection.5.3.2.7}{\376\377\0005\000.\0003\000.\0002\000.\0007\000\040\000F\000M\000T\000\137\000R\000A\000N\000G\000E\000\137\000C\000L\000I\000P\000\137\000M}{subsection.5.3.2}% 32
\BOOKMARK [3][-]{subsubsection.5.3.2.8}{\376\377\0005\000.\0003\000.\0002\000.\0008\000\040\000i\000m\000g\000P\000a\000t\000h\000A\000r\000r}{subsection.5.3.2}% 33
\BOOKMARK [3][-]{subsubsection.5.3.2.9}{\376\377\0005\000.\0003\000.\0002\000.\0009\000\040\000i\000m\000g\000S\000a\000v\000e\000P\000a\000t\000h}{subsection.5.3.2}% 34
\BOOKMARK [3][-]{subsubsection.5.3.2.10}{\376\377\0005\000.\0003\000.\0002\000.\0001\0000\000\040\000i\000m\000g\000S\000a\000v\000e\000P\000a\000t\000h\000I\000n\000d}{subsection.5.3.2}% 35
\BOOKMARK [3][-]{subsubsection.5.3.2.11}{\376\377\0005\000.\0003\000.\0002\000.\0001\0001\000\040\000p\000r\000e\000v\000I\000m\000g\000C\000a\000r\000t}{subsection.5.3.2}% 36
\BOOKMARK [3][-]{subsubsection.5.3.2.12}{\376\377\0005\000.\0003\000.\0002\000.\0001\0002\000\040\000p\000r\000e\000v\000I\000m\000g\000P\000o\000l\000a\000r}{subsection.5.3.2}% 37
\BOOKMARK [3][-]{subsubsection.5.3.2.13}{\376\377\0005\000.\0003\000.\0002\000.\0001\0003\000\040\000R\000E\000M\000O\000V\000E\000\137\000O\000L\000D\000\137\000R\000E\000S\000U\000L\000T\000S}{subsection.5.3.2}% 38
\BOOKMARK [3][-]{subsubsection.5.3.2.14}{\376\377\0005\000.\0003\000.\0002\000.\0001\0004\000\040\000r\000e\000s\000p\000o\000n\000s\000e}{subsection.5.3.2}% 39
\BOOKMARK [3][-]{subsubsection.5.3.2.15}{\376\377\0005\000.\0003\000.\0002\000.\0001\0005\000\040\000r\000o\000t\000R\000a\000d}{subsection.5.3.2}% 40
\BOOKMARK [3][-]{subsubsection.5.3.2.16}{\376\377\0005\000.\0003\000.\0002\000.\0001\0006\000\040\000s\000c\000a\000l\000e}{subsection.5.3.2}% 41
\BOOKMARK [3][-]{subsubsection.5.3.2.17}{\376\377\0005\000.\0003\000.\0002\000.\0001\0007\000\040\000s\000e\000q\000u\000e\000n\000c\000e\000N\000a\000m\000e}{subsection.5.3.2}% 42
\BOOKMARK [3][-]{subsubsection.5.3.2.18}{\376\377\0005\000.\0003\000.\0002\000.\0001\0008\000\040\000s\000e\000q\000u\000e\000n\000c\000e\000S\000i\000z\000e}{subsection.5.3.2}% 43
\BOOKMARK [3][-]{subsubsection.5.3.2.19}{\376\377\0005\000.\0003\000.\0002\000.\0001\0009\000\040\000s\000t\000a\000r\000t\000S\000e\000q\000I\000n\000d}{subsection.5.3.2}% 44
\BOOKMARK [3][-]{subsubsection.5.3.2.20}{\376\377\0005\000.\0003\000.\0002\000.\0002\0000\000\040\000s\000t\000e\000p\000S\000i\000z\000e}{subsection.5.3.2}% 45
\BOOKMARK [3][-]{subsubsection.5.3.2.21}{\376\377\0005\000.\0003\000.\0002\000.\0002\0001\000\040\000t\000i\000m\000e\000s\000t\000a\000m\000p\000P\000a\000t\000h}{subsection.5.3.2}% 46
\BOOKMARK [1][-]{section.5.4}{\376\377\0005\000.\0004\000\040\000g\000e\000n\000F\000a\000k\000e\000D\000a\000t\000a\000\040\000N\000a\000m\000e\000s\000p\000a\000c\000e\000\040\000R\000e\000f\000e\000r\000e\000n\000c\000e}{chapter.5}% 47
\BOOKMARK [2][-]{subsection.5.4.1}{\376\377\0005\000.\0004\000.\0001\000\040\000F\000u\000n\000c\000t\000i\000o\000n\000\040\000D\000o\000c\000u\000m\000e\000n\000t\000a\000t\000i\000o\000n}{section.5.4}% 48
\BOOKMARK [3][-]{subsubsection.5.4.1.1}{\376\377\0005\000.\0004\000.\0001\000.\0001\000\040\000a\000d\000d\000N\000o\000i\000s\000e\000\050\000\051}{subsection.5.4.1}% 49
\BOOKMARK [3][-]{subsubsection.5.4.1.2}{\376\377\0005\000.\0004\000.\0001\000.\0002\000\040\000c\000o\000n\000v\000e\000r\000t\000P\000o\000l\000a\000r\000P\000o\000i\000n\000t\000s\000T\000o\000C\000a\000r\000t\000e\000s\000i\000a\000n\000\050\000\051}{subsection.5.4.1}% 50
\BOOKMARK [3][-]{subsubsection.5.4.1.3}{\376\377\0005\000.\0004\000.\0001\000.\0003\000\040\000c\000r\000e\000a\000t\000e\000O\000u\000t\000l\000i\000e\000r\000s\000\050\000\051}{subsection.5.4.1}% 51
\BOOKMARK [3][-]{subsubsection.5.4.1.4}{\376\377\0005\000.\0004\000.\0001\000.\0004\000\040\000d\000i\000s\000t\000o\000r\000t\000\050\000\051}{subsection.5.4.1}% 52
\BOOKMARK [3][-]{subsubsection.5.4.1.5}{\376\377\0005\000.\0004\000.\0001\000.\0005\000\040\000g\000e\000n\000e\000r\000a\000t\000e\000F\000a\000k\000e\000C\000o\000r\000r\000e\000s\000p\000o\000n\000d\000e\000n\000c\000e\000s\000\050\000\051}{subsection.5.4.1}% 53
\BOOKMARK [3][-]{subsubsection.5.4.1.6}{\376\377\0005\000.\0004\000.\0001\000.\0006\000\040\000g\000e\000n\000e\000r\000a\000t\000e\000F\000a\000k\000e\000C\000o\000r\000r\000e\000s\000p\000o\000n\000d\000e\000n\000c\000e\000s\000P\000o\000l\000a\000r\000\050\000\051}{subsection.5.4.1}% 54
\BOOKMARK [3][-]{subsubsection.5.4.1.7}{\376\377\0005\000.\0004\000.\0001\000.\0007\000\040\000g\000e\000n\000e\000r\000a\000t\000e\000F\000a\000k\000e\000F\000e\000a\000t\000u\000r\000e\000s\000\050\000\051}{subsection.5.4.1}% 55
\BOOKMARK [3][-]{subsubsection.5.4.1.8}{\376\377\0005\000.\0004\000.\0001\000.\0008\000\040\000g\000e\000n\000e\000r\000a\000t\000e\000F\000a\000k\000e\000F\000e\000a\000t\000u\000r\000e\000s\000P\000o\000l\000a\000r\000\050\000\051}{subsection.5.4.1}% 56
\BOOKMARK [3][-]{subsubsection.5.4.1.9}{\376\377\0005\000.\0004\000.\0001\000.\0009\000\040\000g\000e\000n\000e\000r\000a\000t\000e\000T\000r\000a\000n\000s\000l\000a\000t\000i\000o\000n\000V\000e\000c\000t\000o\000r\000\050\000\051}{subsection.5.4.1}% 57
\BOOKMARK [3][-]{subsubsection.5.4.1.10}{\376\377\0005\000.\0004\000.\0001\000.\0001\0000\000\040\000p\000l\000o\000t\000F\000a\000k\000e\000F\000e\000a\000t\000u\000r\000e\000s\000\050\000\051}{subsection.5.4.1}% 58
\BOOKMARK [3][-]{subsubsection.5.4.1.11}{\376\377\0005\000.\0004\000.\0001\000.\0001\0001\000\040\000t\000r\000a\000n\000s\000f\000o\000r\000m\000C\000o\000o\000r\000d\000s\000\050\000\051}{subsection.5.4.1}% 59
\BOOKMARK [1][-]{section.5.5}{\376\377\0005\000.\0005\000\040\000g\000e\000t\000F\000e\000a\000t\000u\000r\000e\000s\000\040\000N\000a\000m\000e\000s\000p\000a\000c\000e\000\040\000R\000e\000f\000e\000r\000e\000n\000c\000e}{chapter.5}% 60
\BOOKMARK [2][-]{subsection.5.5.1}{\376\377\0005\000.\0005\000.\0001\000\040\000F\000u\000n\000c\000t\000i\000o\000n\000\040\000D\000o\000c\000u\000m\000e\000n\000t\000a\000t\000i\000o\000n}{section.5.5}% 61
\BOOKMARK [3][-]{subsubsection.5.5.1.1}{\376\377\0005\000.\0005\000.\0001\000.\0001\000\040\000a\000d\000a\000p\000t\000i\000v\000e\000N\000M\000S\000\050\000\051}{subsection.5.5.1}% 62
\BOOKMARK [3][-]{subsubsection.5.5.1.2}{\376\377\0005\000.\0005\000.\0001\000.\0002\000\040\000a\000p\000p\000e\000n\000d\000N\000e\000w\000F\000e\000a\000t\000u\000r\000e\000s\000\050\000\051}{subsection.5.5.1}% 63
\BOOKMARK [3][-]{subsubsection.5.5.1.3}{\376\377\0005\000.\0005\000.\0001\000.\0003\000\040\000c\000a\000l\000c\000u\000l\000a\000t\000e\000F\000e\000a\000t\000u\000r\000e\000L\000o\000s\000s\000T\000h\000r\000e\000s\000h\000o\000l\000d\000\050\000\051}{subsection.5.5.1}% 64
\BOOKMARK [3][-]{subsubsection.5.5.1.4}{\376\377\0005\000.\0005\000.\0001\000.\0004\000\040\000g\000e\000t\000B\000l\000o\000b\000s\000F\000r\000o\000m\000C\000a\000r\000t\000\050\000\051}{subsection.5.5.1}% 65
\BOOKMARK [3][-]{subsubsection.5.5.1.5}{\376\377\0005\000.\0005\000.\0001\000.\0005\000\040\000g\000e\000t\000F\000e\000a\000t\000u\000r\000e\000s\000\050\000\051}{subsection.5.5.1}% 66
\BOOKMARK [2][-]{subsection.5.5.2}{\376\377\0005\000.\0005\000.\0002\000\040\000V\000a\000r\000i\000a\000b\000l\000e\000\040\000D\000o\000c\000u\000m\000e\000n\000t\000a\000t\000i\000o\000n}{section.5.5}% 67
\BOOKMARK [3][-]{subsubsection.5.5.2.1}{\376\377\0005\000.\0005\000.\0002\000.\0001\000\040\000b\000l\000o\000b\000I\000n\000d\000i\000c\000e\000s}{subsection.5.5.2}% 68
\BOOKMARK [3][-]{subsubsection.5.5.2.2}{\376\377\0005\000.\0005\000.\0002\000.\0002\000\040\000b\000l\000o\000b\000S\000i\000g\000m\000a}{subsection.5.5.2}% 69
\BOOKMARK [3][-]{subsubsection.5.5.2.3}{\376\377\0005\000.\0005\000.\0002\000.\0003\000\040\000b\000l\000o\000b\000X}{subsection.5.5.2}% 70
\BOOKMARK [3][-]{subsubsection.5.5.2.4}{\376\377\0005\000.\0005\000.\0002\000.\0004\000\040\000b\000l\000o\000b\000Y}{subsection.5.5.2}% 71
\BOOKMARK [3][-]{subsubsection.5.5.2.5}{\376\377\0005\000.\0005\000.\0002\000.\0005\000\040\000c\000o\000l\000o\000r}{subsection.5.5.2}% 72
\BOOKMARK [3][-]{subsubsection.5.5.2.6}{\376\377\0005\000.\0005\000.\0002\000.\0006\000\040\000c\000o\000o\000r\000d}{subsection.5.5.2}% 73
\BOOKMARK [3][-]{subsubsection.5.5.2.7}{\376\377\0005\000.\0005\000.\0002\000.\0007\000\040\000d\000a\000t\000a\000P\000a\000t\000h}{subsection.5.5.2}% 74
\BOOKMARK [3][-]{subsubsection.5.5.2.8}{\376\377\0005\000.\0005\000.\0002\000.\0008\000\040\000d\000a\000t\000a\000s\000e\000t\000N\000a\000m\000e}{subsection.5.5.2}% 75
\BOOKMARK [3][-]{subsubsection.5.5.2.9}{\376\377\0005\000.\0005\000.\0002\000.\0009\000\040\000D\000E\000F\000A\000U\000L\000T\000\137\000F\000E\000A\000T\000U\000R\000E\000\137\000P\000A\000R\000A\000M\000S}{subsection.5.5.2}% 76
\BOOKMARK [3][-]{subsubsection.5.5.2.10}{\376\377\0005\000.\0005\000.\0002\000.\0001\0000\000\040\000e\000n\000d}{subsection.5.5.2}% 77
\BOOKMARK [3][-]{subsubsection.5.5.2.11}{\376\377\0005\000.\0005\000.\0002\000.\0001\0001\000\040\000e\000x\000i\000s\000t\000\137\000o\000k}{subsection.5.5.2}% 78
\BOOKMARK [3][-]{subsubsection.5.5.2.12}{\376\377\0005\000.\0005\000.\0002\000.\0001\0002\000\040\000f\000l\000u\000s\000h}{subsection.5.5.2}% 79
\BOOKMARK [3][-]{subsubsection.5.5.2.13}{\376\377\0005\000.\0005\000.\0002\000.\0001\0003\000\040\000i\000m\000g\000C\000a\000r\000t}{subsection.5.5.2}% 80
\BOOKMARK [3][-]{subsubsection.5.5.2.14}{\376\377\0005\000.\0005\000.\0002\000.\0001\0004\000\040\000i\000m\000g\000C\000a\000r\000t\000B\000G\000R}{subsection.5.5.2}% 81
\BOOKMARK [3][-]{subsubsection.5.5.2.15}{\376\377\0005\000.\0005\000.\0002\000.\0001\0005\000\040\000i\000m\000g\000P\000o\000l\000a\000r}{subsection.5.5.2}% 82
\BOOKMARK [3][-]{subsubsection.5.5.2.16}{\376\377\0005\000.\0005\000.\0002\000.\0001\0006\000\040\000N\000\137\000F\000E\000A\000T\000U\000R\000E\000S\000\137\000B\000E\000F\000O\000R\000E\000\137\000R\000E\000T\000R\000A\000C\000K}{subsection.5.5.2}% 83
\BOOKMARK [3][-]{subsubsection.5.5.2.17}{\376\377\0005\000.\0005\000.\0002\000.\0001\0007\000\040\000n\000I\000m\000g\000s}{subsection.5.5.2}% 84
\BOOKMARK [3][-]{subsubsection.5.5.2.18}{\376\377\0005\000.\0005\000.\0002\000.\0001\0008\000\040\000n\000I\000n\000d\000i\000c\000e\000s}{subsection.5.5.2}% 85
\BOOKMARK [3][-]{subsubsection.5.5.2.19}{\376\377\0005\000.\0005\000.\0002\000.\0001\0009\000\040\000n\000I\000n\000d\000i\000c\000e\000s\000A\000N\000M\000S}{subsection.5.5.2}% 86
\BOOKMARK [3][-]{subsubsection.5.5.2.20}{\376\377\0005\000.\0005\000.\0002\000.\0002\0000\000\040\000P\000E\000R\000C\000E\000N\000T\000\137\000F\000E\000A\000T\000U\000R\000E\000\137\000L\000O\000S\000S\000\137\000T\000H\000R\000E\000S\000H\000O\000L\000D}{subsection.5.5.2}% 87
\BOOKMARK [3][-]{subsubsection.5.5.2.21}{\376\377\0005\000.\0005\000.\0002\000.\0002\0001\000\040\000s\000\137\000b\000l\000o\000b\000I\000n\000d\000i\000c\000e\000s}{subsection.5.5.2}% 88
\BOOKMARK [3][-]{subsubsection.5.5.2.22}{\376\377\0005\000.\0005\000.\0002\000.\0002\0002\000\040\000s\000t\000r\000e\000a\000m\000A\000r\000r}{subsection.5.5.2}% 89
\BOOKMARK [3][-]{subsubsection.5.5.2.23}{\376\377\0005\000.\0005\000.\0002\000.\0002\0003\000\040\000t\000i\000m\000e\000s\000t\000a\000m\000p\000P\000a\000t\000h}{subsection.5.5.2}% 90
\BOOKMARK [3][-]{subsubsection.5.5.2.24}{\376\377\0005\000.\0005\000.\0002\000.\0002\0004\000\040\000t\000o\000S\000a\000v\000e\000I\000m\000g\000P\000a\000t\000h}{subsection.5.5.2}% 91
\BOOKMARK [3][-]{subsubsection.5.5.2.25}{\376\377\0005\000.\0005\000.\0002\000.\0002\0005\000\040\000t\000o\000S\000a\000v\000e\000P\000a\000t\000h}{subsection.5.5.2}% 92
\BOOKMARK [1][-]{section.5.6}{\376\377\0005\000.\0006\000\040\000g\000e\000t\000P\000o\000i\000n\000t\000C\000l\000o\000u\000d\000\040\000N\000a\000m\000e\000s\000p\000a\000c\000e\000\040\000R\000e\000f\000e\000r\000e\000n\000c\000e}{chapter.5}% 93
\BOOKMARK [2][-]{subsection.5.6.1}{\376\377\0005\000.\0006\000.\0001\000\040\000F\000u\000n\000c\000t\000i\000o\000n\000\040\000D\000o\000c\000u\000m\000e\000n\000t\000a\000t\000i\000o\000n}{section.5.6}% 94
\BOOKMARK [3][-]{subsubsection.5.6.1.1}{\376\377\0005\000.\0006\000.\0001\000.\0001\000\040\000g\000e\000t\000P\000o\000i\000n\000t\000C\000l\000o\000u\000d\000P\000o\000l\000a\000r\000I\000n\000d\000\050\000\051}{subsection.5.6.1}% 95
\BOOKMARK [2][-]{subsection.5.6.2}{\376\377\0005\000.\0006\000.\0002\000\040\000V\000a\000r\000i\000a\000b\000l\000e\000\040\000D\000o\000c\000u\000m\000e\000n\000t\000a\000t\000i\000o\000n}{section.5.6}% 96
\BOOKMARK [3][-]{subsubsection.5.6.2.1}{\376\377\0005\000.\0006\000.\0002\000.\0001\000\040\000c}{subsection.5.6.2}% 97
\BOOKMARK [3][-]{subsubsection.5.6.2.2}{\376\377\0005\000.\0006\000.\0002\000.\0002\000\040\000d\000a\000t\000a\000P\000a\000t\000h}{subsection.5.6.2}% 98
\BOOKMARK [3][-]{subsubsection.5.6.2.3}{\376\377\0005\000.\0006\000.\0002\000.\0003\000\040\000d\000a\000t\000a\000s\000e\000t\000N\000a\000m\000e}{subsection.5.6.2}% 99
\BOOKMARK [3][-]{subsubsection.5.6.2.4}{\376\377\0005\000.\0006\000.\0002\000.\0004\000\040\000f\000e\000a\000t\000u\000r\000e\000A\000z\000i\000m}{subsection.5.6.2}% 100
\BOOKMARK [3][-]{subsubsection.5.6.2.5}{\376\377\0005\000.\0006\000.\0002\000.\0005\000\040\000f\000e\000a\000t\000u\000r\000e\000I\000m\000g\000C\000a\000r\000t}{subsection.5.6.2}% 101
\BOOKMARK [3][-]{subsubsection.5.6.2.6}{\376\377\0005\000.\0006\000.\0002\000.\0006\000\040\000f\000e\000a\000t\000u\000r\000e\000P\000o\000l\000a\000r\000I\000m\000a\000g\000e}{subsection.5.6.2}% 102
\BOOKMARK [3][-]{subsubsection.5.6.2.7}{\376\377\0005\000.\0006\000.\0002\000.\0007\000\040\000f\000e\000a\000t\000u\000r\000e\000P\000o\000l\000a\000r\000I\000n\000d\000i\000c\000e\000s}{subsection.5.6.2}% 103
\BOOKMARK [3][-]{subsubsection.5.6.2.8}{\376\377\0005\000.\0006\000.\0002\000.\0008\000\040\000f\000e\000a\000t\000u\000r\000e\000R\000a\000n\000g\000e}{subsection.5.6.2}% 104
\BOOKMARK [3][-]{subsubsection.5.6.2.9}{\376\377\0005\000.\0006\000.\0002\000.\0009\000\040\000i\000m\000g\000C\000a\000r\000t}{subsection.5.6.2}% 105
\BOOKMARK [3][-]{subsubsection.5.6.2.10}{\376\377\0005\000.\0006\000.\0002\000.\0001\0000\000\040\000i\000m\000g\000C\000a\000r\000t\000R\000G\000B}{subsection.5.6.2}% 106
\BOOKMARK [3][-]{subsubsection.5.6.2.11}{\376\377\0005\000.\0006\000.\0002\000.\0001\0001\000\040\000i\000m\000g\000P\000o\000l\000a\000r}{subsection.5.6.2}% 107
\BOOKMARK [3][-]{subsubsection.5.6.2.12}{\376\377\0005\000.\0006\000.\0002\000.\0001\0002\000\040\000n\000I\000m\000g\000s}{subsection.5.6.2}% 108
\BOOKMARK [3][-]{subsubsection.5.6.2.13}{\376\377\0005\000.\0006\000.\0002\000.\0001\0003\000\040\000s\000t\000r\000e\000a\000m\000A\000r\000r}{subsection.5.6.2}% 109
\BOOKMARK [3][-]{subsubsection.5.6.2.14}{\376\377\0005\000.\0006\000.\0002\000.\0001\0004\000\040\000t\000i\000m\000e\000s\000t\000a\000m\000p\000P\000a\000t\000h}{subsection.5.6.2}% 110
\BOOKMARK [1][-]{section.5.7}{\376\377\0005\000.\0007\000\040\000g\000e\000t\000T\000r\000a\000n\000s\000f\000o\000r\000m\000K\000L\000T\000\040\000N\000a\000m\000e\000s\000p\000a\000c\000e\000\040\000R\000e\000f\000e\000r\000e\000n\000c\000e}{chapter.5}% 111
\BOOKMARK [2][-]{subsection.5.7.1}{\376\377\0005\000.\0007\000.\0001\000\040\000F\000u\000n\000c\000t\000i\000o\000n\000\040\000D\000o\000c\000u\000m\000e\000n\000t\000a\000t\000i\000o\000n}{section.5.7}% 112
\BOOKMARK [3][-]{subsubsection.5.7.1.1}{\376\377\0005\000.\0007\000.\0001\000.\0001\000\040\000c\000a\000l\000c\000u\000l\000a\000t\000e\000T\000r\000a\000n\000s\000f\000o\000r\000m\000\050\000\051}{subsection.5.7.1}% 113
\BOOKMARK [3][-]{subsubsection.5.7.1.2}{\376\377\0005\000.\0007\000.\0001\000.\0002\000\040\000c\000a\000l\000c\000u\000l\000a\000t\000e\000T\000r\000a\000n\000s\000f\000o\000r\000m\000D\000t\000h\000\050\000\051}{subsection.5.7.1}% 114
\BOOKMARK [3][-]{subsubsection.5.7.1.3}{\376\377\0005\000.\0007\000.\0001\000.\0003\000\040\000c\000a\000l\000c\000u\000l\000a\000t\000e\000T\000r\000a\000n\000s\000f\000o\000r\000m\000D\000x\000D\000t\000h\000\050\000\051}{subsection.5.7.1}% 115
\BOOKMARK [3][-]{subsubsection.5.7.1.4}{\376\377\0005\000.\0007\000.\0001\000.\0004\000\040\000c\000a\000l\000c\000u\000l\000a\000t\000e\000T\000r\000a\000n\000s\000f\000o\000r\000m\000S\000V\000D\000\050\000\051}{subsection.5.7.1}% 116
\BOOKMARK [3][-]{subsubsection.5.7.1.5}{\376\377\0005\000.\0007\000.\0001\000.\0005\000\040\000e\000s\000t\000i\000m\000a\000t\000e\000T\000r\000a\000n\000s\000f\000o\000r\000m\000U\000s\000i\000n\000g\000D\000e\000l\000a\000t\000s\000\050\000\051}{subsection.5.7.1}% 117
\BOOKMARK [3][-]{subsubsection.5.7.1.6}{\376\377\0005\000.\0007\000.\0001\000.\0006\000\040\000g\000e\000t\000T\000r\000a\000c\000k\000e\000d\000P\000o\000i\000n\000t\000s\000K\000L\000T\000\050\000\051}{subsection.5.7.1}% 118
\BOOKMARK [3][-]{subsubsection.5.7.1.7}{\376\377\0005\000.\0007\000.\0001\000.\0007\000\040\000v\000i\000s\000u\000a\000l\000i\000z\000e\000\137\000t\000r\000a\000n\000s\000f\000o\000r\000m\000\050\000\051}{subsection.5.7.1}% 119
\BOOKMARK [2][-]{subsection.5.7.2}{\376\377\0005\000.\0007\000.\0002\000\040\000V\000a\000r\000i\000a\000b\000l\000e\000\040\000D\000o\000c\000u\000m\000e\000n\000t\000a\000t\000i\000o\000n}{section.5.7}% 120
\BOOKMARK [3][-]{subsubsection.5.7.2.1}{\376\377\0005\000.\0007\000.\0002\000.\0001\000\040\000a\000l\000p\000h\000a}{subsection.5.7.2}% 121
\BOOKMARK [3][-]{subsubsection.5.7.2.2}{\376\377\0005\000.\0007\000.\0002\000.\0002\000\040\000b\000a\000d\000\137\000n\000e\000w}{subsection.5.7.2}% 122
\BOOKMARK [3][-]{subsubsection.5.7.2.3}{\376\377\0005\000.\0007\000.\0002\000.\0003\000\040\000b\000a\000d\000\137\000o\000l\000d}{subsection.5.7.2}% 123
\BOOKMARK [3][-]{subsubsection.5.7.2.4}{\376\377\0005\000.\0007\000.\0002\000.\0004\000\040\000b\000l\000o\000b\000C\000o\000o\000r\000d}{subsection.5.7.2}% 124
\BOOKMARK [3][-]{subsubsection.5.7.2.5}{\376\377\0005\000.\0007\000.\0002\000.\0005\000\040\000c\000o\000r\000r\000S\000t\000a\000t\000u\000s}{subsection.5.7.2}% 125
\BOOKMARK [3][-]{subsubsection.5.7.2.6}{\376\377\0005\000.\0007\000.\0002\000.\0006\000\040\000c\000u\000r\000r\000I\000m\000g}{subsection.5.7.2}% 126
\BOOKMARK [3][-]{subsubsection.5.7.2.7}{\376\377\0005\000.\0007\000.\0002\000.\0007\000\040\000c\000u\000r\000r\000T\000i\000m\000e\000s\000t\000a\000m\000p}{subsection.5.7.2}% 127
\BOOKMARK [3][-]{subsubsection.5.7.2.8}{\376\377\0005\000.\0007\000.\0002\000.\0008\000\040\000d\000a\000t\000a\000P\000a\000t\000h}{subsection.5.7.2}% 128
\BOOKMARK [3][-]{subsubsection.5.7.2.9}{\376\377\0005\000.\0007\000.\0002\000.\0009\000\040\000d\000a\000t\000a\000s\000e\000t\000N\000a\000m\000e}{subsection.5.7.2}% 129
\BOOKMARK [3][-]{subsubsection.5.7.2.10}{\376\377\0005\000.\0007\000.\0002\000.\0001\0000\000\040\000d\000t\000h}{subsection.5.7.2}% 130
\BOOKMARK [3][-]{subsubsection.5.7.2.11}{\376\377\0005\000.\0007\000.\0002\000.\0001\0001\000\040\000d\000x}{subsection.5.7.2}% 131
\BOOKMARK [3][-]{subsubsection.5.7.2.12}{\376\377\0005\000.\0007\000.\0002\000.\0001\0002\000\040\000E\000R\000R\000\137\000T\000H\000R\000E\000S\000H\000O\000L\000D}{subsection.5.7.2}% 132
\BOOKMARK [3][-]{subsubsection.5.7.2.13}{\376\377\0005\000.\0007\000.\0002\000.\0001\0003\000\040\000e\000s\000t\000\137\000d\000e\000l\000t\000a\000s}{subsection.5.7.2}% 133
\BOOKMARK [3][-]{subsubsection.5.7.2.14}{\376\377\0005\000.\0007\000.\0002\000.\0001\0004\000\040\000e\000s\000t\000T\000r\000a\000j}{subsection.5.7.2}% 134
\BOOKMARK [3][-]{subsubsection.5.7.2.15}{\376\377\0005\000.\0007\000.\0002\000.\0001\0005\000\040\000e\000x\000i\000s\000t\000\137\000o\000k}{subsection.5.7.2}% 135
\BOOKMARK [3][-]{subsubsection.5.7.2.16}{\376\377\0005\000.\0007\000.\0002\000.\0001\0006\000\040\000e\000x\000t\000r\000a\000L\000a\000b\000e\000l}{subsection.5.7.2}% 136
\BOOKMARK [3][-]{subsubsection.5.7.2.17}{\376\377\0005\000.\0007\000.\0002\000.\0001\0007\000\040\000g\000o\000o\000d\000\137\000n\000e\000w}{subsection.5.7.2}% 137
\BOOKMARK [3][-]{subsubsection.5.7.2.18}{\376\377\0005\000.\0007\000.\0002\000.\0001\0008\000\040\000g\000o\000o\000d\000\137\000o\000l\000d}{subsection.5.7.2}% 138
\BOOKMARK [3][-]{subsubsection.5.7.2.19}{\376\377\0005\000.\0007\000.\0002\000.\0001\0009\000\040\000g\000t\000\137\000d\000e\000l\000t\000a\000s}{subsection.5.7.2}% 139
\BOOKMARK [3][-]{subsubsection.5.7.2.20}{\376\377\0005\000.\0007\000.\0002\000.\0002\0000\000\040\000g\000t\000T\000r\000a\000j}{subsection.5.7.2}% 140
\BOOKMARK [3][-]{subsubsection.5.7.2.21}{\376\377\0005\000.\0007\000.\0002\000.\0002\0001\000\040\000g\000t\000T\000r\000a\000j\000P\000a\000t\000h}{subsection.5.7.2}% 141
\BOOKMARK [3][-]{subsubsection.5.7.2.22}{\376\377\0005\000.\0007\000.\0002\000.\0002\0002\000\040\000h}{subsection.5.7.2}% 142
\BOOKMARK [3][-]{subsubsection.5.7.2.23}{\376\377\0005\000.\0007\000.\0002\000.\0002\0003\000\040\000i\000m\000g\000P\000a\000t\000h\000A\000r\000r}{subsection.5.7.2}% 143
\BOOKMARK [3][-]{subsubsection.5.7.2.24}{\376\377\0005\000.\0007\000.\0002\000.\0002\0004\000\040\000i\000m\000g\000S\000a\000v\000e\000P\000a\000t\000h}{subsection.5.7.2}% 144
\BOOKMARK [3][-]{subsubsection.5.7.2.25}{\376\377\0005\000.\0007\000.\0002\000.\0002\0005\000\040\000i\000n\000i\000t\000P\000o\000s\000e}{subsection.5.7.2}% 145
\BOOKMARK [3][-]{subsubsection.5.7.2.26}{\376\377\0005\000.\0007\000.\0002\000.\0002\0006\000\040\000i\000n\000i\000t\000T\000i\000m\000e\000s\000t\000a\000m\000p}{subsection.5.7.2}% 146
\BOOKMARK [3][-]{subsubsection.5.7.2.27}{\376\377\0005\000.\0007\000.\0002\000.\0002\0007\000\040\000L\000K\000\137\000P\000A\000R\000A\000M\000S}{subsection.5.7.2}% 147
\BOOKMARK [3][-]{subsubsection.5.7.2.28}{\376\377\0005\000.\0007\000.\0002\000.\0002\0008\000\040\000N\000\137\000F\000E\000A\000T\000U\000R\000E\000S\000\137\000B\000E\000F\000O\000R\000E\000\137\000R\000E\000T\000R\000A\000C\000K}{subsection.5.7.2}% 148
\BOOKMARK [3][-]{subsubsection.5.7.2.29}{\376\377\0005\000.\0007\000.\0002\000.\0002\0009\000\040\000n\000B\000a\000d\000F\000e\000a\000t\000u\000r\000e\000s}{subsection.5.7.2}% 149
\BOOKMARK [3][-]{subsubsection.5.7.2.30}{\376\377\0005\000.\0007\000.\0002\000.\0003\0000\000\040\000n\000F\000e\000a\000t\000u\000r\000e\000s}{subsection.5.7.2}% 150
\BOOKMARK [3][-]{subsubsection.5.7.2.31}{\376\377\0005\000.\0007\000.\0002\000.\0003\0001\000\040\000n\000G\000o\000o\000d\000F\000e\000a\000t\000u\000r\000e\000s}{subsection.5.7.2}% 151
\BOOKMARK [3][-]{subsubsection.5.7.2.32}{\376\377\0005\000.\0007\000.\0002\000.\0003\0002\000\040\000n\000I\000m\000g\000s}{subsection.5.7.2}% 152
\BOOKMARK [3][-]{subsubsection.5.7.2.33}{\376\377\0005\000.\0007\000.\0002\000.\0003\0003\000\040\000P\000L\000O\000T\000\137\000B\000A\000D\000\137\000F\000E\000A\000T\000U\000R\000E\000S}{subsection.5.7.2}% 153
\BOOKMARK [3][-]{subsubsection.5.7.2.34}{\376\377\0005\000.\0007\000.\0002\000.\0003\0004\000\040\000p\000r\000e\000v\000\137\000g\000o\000o\000d\000\137\000o\000l\000d}{subsection.5.7.2}% 154
\BOOKMARK [3][-]{subsubsection.5.7.2.35}{\376\377\0005\000.\0007\000.\0002\000.\0003\0005\000\040\000p\000r\000e\000v\000I\000m\000g}{subsection.5.7.2}% 155
\BOOKMARK [3][-]{subsubsection.5.7.2.36}{\376\377\0005\000.\0007\000.\0002\000.\0003\0006\000\040\000R}{subsection.5.7.2}% 156
\BOOKMARK [3][-]{subsubsection.5.7.2.37}{\376\377\0005\000.\0007\000.\0002\000.\0003\0007\000\040\000R\000E\000M\000O\000V\000E\000\137\000O\000L\000D\000\137\000R\000E\000S\000U\000L\000T\000S}{subsection.5.7.2}% 157
\BOOKMARK [3][-]{subsubsection.5.7.2.38}{\376\377\0005\000.\0007\000.\0002\000.\0003\0008\000\040\000s\000a\000v\000e\000F\000e\000a\000t\000u\000r\000e\000P\000a\000t\000h}{subsection.5.7.2}% 158
\BOOKMARK [3][-]{subsubsection.5.7.2.39}{\376\377\0005\000.\0007\000.\0002\000.\0003\0009\000\040\000s\000a\000v\000e\000P\000a\000t\000h}{subsection.5.7.2}% 159
\BOOKMARK [3][-]{subsubsection.5.7.2.40}{\376\377\0005\000.\0007\000.\0002\000.\0004\0000\000\040\000s\000h\000o\000w}{subsection.5.7.2}% 160
\BOOKMARK [3][-]{subsubsection.5.7.2.41}{\376\377\0005\000.\0007\000.\0002\000.\0004\0001\000\040\000s\000t\000a\000r\000t}{subsection.5.7.2}% 161
\BOOKMARK [3][-]{subsubsection.5.7.2.42}{\376\377\0005\000.\0007\000.\0002\000.\0004\0002\000\040\000s\000t\000a\000r\000t\000I\000m\000g\000I\000n\000d}{subsection.5.7.2}% 162
\BOOKMARK [3][-]{subsubsection.5.7.2.43}{\376\377\0005\000.\0007\000.\0002\000.\0004\0003\000\040\000t\000i\000m\000e\000s\000t\000a\000m\000p}{subsection.5.7.2}% 163
\BOOKMARK [3][-]{subsubsection.5.7.2.44}{\376\377\0005\000.\0007\000.\0002\000.\0004\0004\000\040\000t\000i\000m\000e\000s\000t\000a\000m\000p\000P\000a\000t\000h}{subsection.5.7.2}% 164
\BOOKMARK [3][-]{subsubsection.5.7.2.45}{\376\377\0005\000.\0007\000.\0002\000.\0004\0005\000\040\000t\000o\000S\000a\000v\000e\000I\000m\000g\000P\000a\000t\000h}{subsection.5.7.2}% 165
\BOOKMARK [3][-]{subsubsection.5.7.2.46}{\376\377\0005\000.\0007\000.\0002\000.\0004\0006\000\040\000t\000o\000S\000a\000v\000e\000T\000r\000a\000j\000P\000a\000t\000h}{subsection.5.7.2}% 166
\BOOKMARK [3][-]{subsubsection.5.7.2.47}{\376\377\0005\000.\0007\000.\0002\000.\0004\0007\000\040\000t\000r\000a\000j\000S\000a\000v\000e\000P\000a\000t\000h}{subsection.5.7.2}% 167
\BOOKMARK [3][-]{subsubsection.5.7.2.48}{\376\377\0005\000.\0007\000.\0002\000.\0004\0008\000\040\000t\000r\000a\000n\000s\000f\000o\000r\000m\000e\000d\000\137\000p\000t\000s}{subsection.5.7.2}% 168
\BOOKMARK [1][-]{section.5.8}{\376\377\0005\000.\0008\000\040\000M\000a\000p\000p\000i\000n\000g\000\040\000N\000a\000m\000e\000s\000p\000a\000c\000e\000\040\000R\000e\000f\000e\000r\000e\000n\000c\000e}{chapter.5}% 169
\BOOKMARK [2][-]{subsection.5.8.1}{\376\377\0005\000.\0008\000.\0001\000\040\000V\000a\000r\000i\000a\000b\000l\000e\000\040\000D\000o\000c\000u\000m\000e\000n\000t\000a\000t\000i\000o\000n}{section.5.8}% 170
\BOOKMARK [3][-]{subsubsection.5.8.1.1}{\376\377\0005\000.\0008\000.\0001\000.\0001\000\040\000R\000A\000D\000A\000R\000\137\000C\000A\000R\000T\000\137\000C\000E\000N\000T\000E\000R}{subsection.5.8.1}% 171
\BOOKMARK [3][-]{subsubsection.5.8.1.2}{\376\377\0005\000.\0008\000.\0001\000.\0002\000\040\000R\000O\000T\000\137\000T\000H\000R\000E\000S\000H\000O\000L\000D}{subsection.5.8.1}% 172
\BOOKMARK [3][-]{subsubsection.5.8.1.3}{\376\377\0005\000.\0008\000.\0001\000.\0003\000\040\000T\000R\000A\000N\000S\000\137\000T\000H\000R\000E\000S\000H\000O\000L\000D}{subsection.5.8.1}% 173
\BOOKMARK [3][-]{subsubsection.5.8.1.4}{\376\377\0005\000.\0008\000.\0001\000.\0004\000\040\000T\000R\000A\000N\000S\000\137\000T\000H\000R\000E\000S\000H\000O\000L\000D\000\137\000S\000Q}{subsection.5.8.1}% 174
\BOOKMARK [1][-]{section.5.9}{\376\377\0005\000.\0009\000\040\000m\000o\000t\000i\000o\000n\000D\000i\000s\000t\000o\000r\000t\000i\000o\000n\000\040\000N\000a\000m\000e\000s\000p\000a\000c\000e\000\040\000R\000e\000f\000e\000r\000e\000n\000c\000e}{chapter.5}% 175
\BOOKMARK [2][-]{subsection.5.9.1}{\376\377\0005\000.\0009\000.\0001\000\040\000V\000a\000r\000i\000a\000b\000l\000e\000\040\000D\000o\000c\000u\000m\000e\000n\000t\000a\000t\000i\000o\000n}{section.5.9}% 176
\BOOKMARK [3][-]{subsubsection.5.9.1.1}{\376\377\0005\000.\0009\000.\0001\000.\0001\000\040\000R\000A\000D\000A\000R\000\137\000S\000C\000A\000N\000\137\000F\000R\000E\000Q\000U\000E\000N\000C\000Y}{subsection.5.9.1}% 177
\BOOKMARK [3][-]{subsubsection.5.9.1.2}{\376\377\0005\000.\0009\000.\0001\000.\0002\000\040\000V\000E\000R\000B\000O\000S\000E}{subsection.5.9.1}% 178
\BOOKMARK [1][-]{section.5.10}{\376\377\0005\000.\0001\0000\000\040\000o\000u\000t\000l\000i\000e\000r\000R\000e\000j\000e\000c\000t\000i\000o\000n\000\040\000N\000a\000m\000e\000s\000p\000a\000c\000e\000\040\000R\000e\000f\000e\000r\000e\000n\000c\000e}{chapter.5}% 179
\BOOKMARK [2][-]{subsection.5.10.1}{\376\377\0005\000.\0001\0000\000.\0001\000\040\000F\000u\000n\000c\000t\000i\000o\000n\000\040\000D\000o\000c\000u\000m\000e\000n\000t\000a\000t\000i\000o\000n}{section.5.10}% 180
\BOOKMARK [3][-]{subsubsection.5.10.1.1}{\376\377\0005\000.\0001\0000\000.\0001\000.\0001\000\040\000r\000e\000j\000e\000c\000t\000O\000u\000t\000l\000i\000e\000r\000s\000\050\000\051}{subsection.5.10.1}% 181
\BOOKMARK [2][-]{subsection.5.10.2}{\376\377\0005\000.\0001\0000\000.\0002\000\040\000V\000a\000r\000i\000a\000b\000l\000e\000\040\000D\000o\000c\000u\000m\000e\000n\000t\000a\000t\000i\000o\000n}{section.5.10}% 182
\BOOKMARK [3][-]{subsubsection.5.10.2.1}{\376\377\0005\000.\0001\0000\000.\0002\000.\0001\000\040\000a\000l\000p\000h\000a}{subsection.5.10.2}% 183
\BOOKMARK [3][-]{subsubsection.5.10.2.2}{\376\377\0005\000.\0001\0000\000.\0002\000.\0002\000\040\000D\000I\000S\000T\000\137\000T\000H\000R\000E\000S\000H\000O\000L\000D\000\137\000M}{subsection.5.10.2}% 184
\BOOKMARK [3][-]{subsubsection.5.10.2.3}{\376\377\0005\000.\0001\0000\000.\0002\000.\0003\000\040\000D\000I\000S\000T\000\137\000T\000H\000R\000E\000S\000H\000O\000L\000D\000\137\000P\000X}{subsection.5.10.2}% 185
\BOOKMARK [3][-]{subsubsection.5.10.2.4}{\376\377\0005\000.\0001\0000\000.\0002\000.\0004\000\040\000D\000I\000S\000T\000S\000Q\000\137\000T\000H\000R\000E\000S\000H\000O\000L\000D\000\137\000P\000X}{subsection.5.10.2}% 186
\BOOKMARK [3][-]{subsubsection.5.10.2.5}{\376\377\0005\000.\0001\0000\000.\0002\000.\0005\000\040\000F\000O\000R\000C\000E\000\137\000O\000U\000T\000L\000I\000E\000R\000S}{subsection.5.10.2}% 187
\BOOKMARK [3][-]{subsubsection.5.10.2.6}{\376\377\0005\000.\0001\0000\000.\0002\000.\0006\000\040\000m\000a\000x\000\137\000t\000r\000a\000n\000s\000l\000a\000t\000i\000o\000n\000\137\000m}{subsection.5.10.2}% 188
\BOOKMARK [3][-]{subsubsection.5.10.2.7}{\376\377\0005\000.\0001\0000\000.\0002\000.\0007\000\040\000n\000\137\000o\000u\000t\000l\000i\000e\000r\000s}{subsection.5.10.2}% 189
\BOOKMARK [3][-]{subsubsection.5.10.2.8}{\376\377\0005\000.\0001\0000\000.\0002\000.\0008\000\040\000n\000\137\000p\000o\000i\000n\000t\000s}{subsection.5.10.2}% 190
\BOOKMARK [3][-]{subsubsection.5.10.2.9}{\376\377\0005\000.\0001\0000\000.\0002\000.\0009\000\040\000n\000e\000w\000\137\000c\000o\000o\000r\000d}{subsection.5.10.2}% 191
\BOOKMARK [3][-]{subsubsection.5.10.2.10}{\376\377\0005\000.\0001\0000\000.\0002\000.\0001\0000\000\040\000n\000e\000w\000\137\000c\000o\000o\000r\000d\000\137\000p\000e\000r\000f\000e\000c\000t}{subsection.5.10.2}% 192
\BOOKMARK [3][-]{subsubsection.5.10.2.11}{\376\377\0005\000.\0001\0000\000.\0002\000.\0001\0001\000\040\000n\000o\000i\000s\000e\000T\000o\000A\000d\000d}{subsection.5.10.2}% 193
\BOOKMARK [3][-]{subsubsection.5.10.2.12}{\376\377\0005\000.\0001\0000\000.\0002\000.\0001\0002\000\040\000o\000u\000t\000l\000i\000e\000r\000\137\000i\000n\000d}{subsection.5.10.2}% 194
\BOOKMARK [3][-]{subsubsection.5.10.2.13}{\376\377\0005\000.\0001\0000\000.\0002\000.\0001\0003\000\040\000p\000r\000e\000v\000\137\000c\000o\000o\000r\000d}{subsection.5.10.2}% 195
\BOOKMARK [3][-]{subsubsection.5.10.2.14}{\376\377\0005\000.\0001\0000\000.\0002\000.\0001\0004\000\040\000p\000r\000u\000n\000e\000d\000\137\000n\000e\000w\000\137\000c\000o\000o\000r\000d}{subsection.5.10.2}% 196
\BOOKMARK [3][-]{subsubsection.5.10.2.15}{\376\377\0005\000.\0001\0000\000.\0002\000.\0001\0005\000\040\000p\000r\000u\000n\000e\000d\000\137\000p\000r\000e\000v\000\137\000c\000o\000o\000r\000d}{subsection.5.10.2}% 197
\BOOKMARK [3][-]{subsubsection.5.10.2.16}{\376\377\0005\000.\0001\0000\000.\0002\000.\0001\0006\000\040\000s\000h\000o\000w}{subsection.5.10.2}% 198
\BOOKMARK [3][-]{subsubsection.5.10.2.17}{\376\377\0005\000.\0001\0000\000.\0002\000.\0001\0007\000\040\000t\000h\000e\000t\000a\000\137\000d\000e\000g}{subsection.5.10.2}% 199
\BOOKMARK [3][-]{subsubsection.5.10.2.18}{\376\377\0005\000.\0001\0000\000.\0002\000.\0001\0008\000\040\000t\000h\000e\000t\000a\000\137\000m\000a\000x\000\137\000d\000e\000g}{subsection.5.10.2}% 200
\BOOKMARK [3][-]{subsubsection.5.10.2.19}{\376\377\0005\000.\0001\0000\000.\0002\000.\0001\0009\000\040\000t\000i\000t\000l\000e\000\137\000a\000p\000p\000e\000n\000d}{subsection.5.10.2}% 201
\BOOKMARK [3][-]{subsubsection.5.10.2.20}{\376\377\0005\000.\0001\0000\000.\0002\000.\0002\0000\000\040\000t\000r\000a\000n\000s\000\137\000v\000e\000c}{subsection.5.10.2}% 202
\BOOKMARK [1][-]{section.5.11}{\376\377\0005\000.\0001\0001\000\040\000p\000a\000r\000s\000e\000D\000a\000t\000a\000\040\000N\000a\000m\000e\000s\000p\000a\000c\000e\000\040\000R\000e\000f\000e\000r\000e\000n\000c\000e}{chapter.5}% 203
\BOOKMARK [2][-]{subsection.5.11.1}{\376\377\0005\000.\0001\0001\000.\0001\000\040\000F\000u\000n\000c\000t\000i\000o\000n\000\040\000D\000o\000c\000u\000m\000e\000n\000t\000a\000t\000i\000o\000n}{section.5.11}% 204
\BOOKMARK [3][-]{subsubsection.5.11.1.1}{\376\377\0005\000.\0001\0001\000.\0001\000.\0001\000\040\000c\000o\000n\000v\000e\000r\000t\000C\000a\000r\000t\000e\000s\000i\000a\000n\000I\000m\000a\000g\000e\000T\000o\000P\000o\000l\000a\000r\000\050\000\051}{subsection.5.11.1}% 205
\BOOKMARK [3][-]{subsubsection.5.11.1.2}{\376\377\0005\000.\0001\0001\000.\0001\000.\0002\000\040\000c\000o\000n\000v\000e\000r\000t\000P\000o\000l\000a\000r\000I\000m\000a\000g\000e\000T\000o\000C\000a\000r\000t\000e\000s\000i\000a\000n\000\050\000\051}{subsection.5.11.1}% 206
\BOOKMARK [3][-]{subsubsection.5.11.1.3}{\376\377\0005\000.\0001\0001\000.\0001\000.\0003\000\040\000c\000o\000n\000v\000e\000r\000t\000P\000o\000l\000a\000r\000I\000m\000g\000T\000o\000L\000o\000g\000P\000o\000l\000a\000r\000\050\000\051}{subsection.5.11.1}% 207
\BOOKMARK [3][-]{subsubsection.5.11.1.4}{\376\377\0005\000.\0001\0001\000.\0001\000.\0004\000\040\000d\000r\000a\000w\000C\000V\000P\000o\000i\000n\000t\000\050\000\051}{subsection.5.11.1}% 208
\BOOKMARK [3][-]{subsubsection.5.11.1.5}{\376\377\0005\000.\0001\0001\000.\0001\000.\0005\000\040\000e\000x\000t\000r\000a\000c\000t\000D\000a\000t\000a\000F\000r\000o\000m\000R\000a\000d\000a\000r\000I\000m\000a\000g\000e\000\050\000\051}{subsection.5.11.1}% 209
\BOOKMARK [3][-]{subsubsection.5.11.1.6}{\376\377\0005\000.\0001\0001\000.\0001\000.\0006\000\040\000g\000e\000t\000C\000a\000r\000t\000I\000m\000a\000g\000e\000F\000r\000o\000m\000I\000m\000g\000P\000a\000t\000h\000s\000\050\000\051}{subsection.5.11.1}% 210
\BOOKMARK [3][-]{subsubsection.5.11.1.7}{\376\377\0005\000.\0001\0001\000.\0001\000.\0007\000\040\000g\000e\000t\000D\000a\000t\000a\000F\000r\000o\000m\000I\000m\000g\000P\000a\000t\000h\000s\000B\000y\000I\000n\000d\000e\000x\000\050\000\051}{subsection.5.11.1}% 211
\BOOKMARK [3][-]{subsubsection.5.11.1.8}{\376\377\0005\000.\0001\0001\000.\0001\000.\0008\000\040\000g\000e\000t\000P\000o\000l\000a\000r\000I\000m\000a\000g\000e\000F\000r\000o\000m\000I\000m\000g\000P\000a\000t\000h\000s\000\050\000\051}{subsection.5.11.1}% 212
\BOOKMARK [3][-]{subsubsection.5.11.1.9}{\376\377\0005\000.\0001\0001\000.\0001\000.\0009\000\040\000g\000e\000t\000R\000a\000d\000a\000r\000I\000m\000g\000P\000a\000t\000h\000s\000\050\000\051}{subsection.5.11.1}% 213
\BOOKMARK [3][-]{subsubsection.5.11.1.10}{\376\377\0005\000.\0001\0001\000.\0001\000.\0001\0000\000\040\000g\000e\000t\000R\000a\000d\000a\000r\000S\000t\000r\000e\000a\000m\000P\000o\000l\000a\000r\000\050\000\051}{subsection.5.11.1}% 214
\BOOKMARK [2][-]{subsection.5.11.2}{\376\377\0005\000.\0001\0001\000.\0002\000\040\000V\000a\000r\000i\000a\000b\000l\000e\000\040\000D\000o\000c\000u\000m\000e\000n\000t\000a\000t\000i\000o\000n}{section.5.11}% 215
\BOOKMARK [3][-]{subsubsection.5.11.2.1}{\376\377\0005\000.\0001\0001\000.\0002\000.\0001\000\040\000c}{subsection.5.11.2}% 216
\BOOKMARK [3][-]{subsubsection.5.11.2.2}{\376\377\0005\000.\0001\0001\000.\0002\000.\0002\000\040\000d\000a\000t\000a\000P\000a\000t\000h}{subsection.5.11.2}% 217
\BOOKMARK [3][-]{subsubsection.5.11.2.3}{\376\377\0005\000.\0001\0001\000.\0002\000.\0003\000\040\000d\000a\000t\000a\000s\000e\000t\000N\000a\000m\000e}{subsection.5.11.2}% 218
\BOOKMARK [3][-]{subsubsection.5.11.2.4}{\376\377\0005\000.\0001\0001\000.\0002\000.\0004\000\040\000D\000O\000W\000N\000S\000A\000M\000P\000L\000E\000\137\000F\000A\000C\000T\000O\000R}{subsection.5.11.2}% 219
\BOOKMARK [3][-]{subsubsection.5.11.2.5}{\376\377\0005\000.\0001\0001\000.\0002\000.\0005\000\040\000i\000m\000g\000C\000a\000r\000t}{subsection.5.11.2}% 220
\BOOKMARK [3][-]{subsubsection.5.11.2.6}{\376\377\0005\000.\0001\0001\000.\0002\000.\0006\000\040\000i\000m\000g\000P\000o\000l\000a\000r}{subsection.5.11.2}% 221
\BOOKMARK [3][-]{subsubsection.5.11.2.7}{\376\377\0005\000.\0001\0001\000.\0002\000.\0007\000\040\000M\000A\000X\000\137\000R\000A\000N\000G\000E\000\137\000C\000L\000I\000P\000\137\000D\000E\000F\000A\000U\000L\000T}{subsection.5.11.2}% 222
\BOOKMARK [3][-]{subsubsection.5.11.2.8}{\376\377\0005\000.\0001\0001\000.\0002\000.\0008\000\040\000n\000I\000m\000g\000s}{subsection.5.11.2}% 223
\BOOKMARK [3][-]{subsubsection.5.11.2.9}{\376\377\0005\000.\0001\0001\000.\0002\000.\0009\000\040\000R\000A\000N\000G\000E\000\137\000R\000E\000S\000O\000L\000U\000T\000I\000O\000N\000\137\000C\000A\000R\000T\000\137\000M}{subsection.5.11.2}% 224
\BOOKMARK [3][-]{subsubsection.5.11.2.10}{\376\377\0005\000.\0001\0001\000.\0002\000.\0001\0000\000\040\000R\000A\000N\000G\000E\000\137\000R\000E\000S\000O\000L\000U\000T\000I\000O\000N\000\137\000M}{subsection.5.11.2}% 225
\BOOKMARK [3][-]{subsubsection.5.11.2.11}{\376\377\0005\000.\0001\0001\000.\0002\000.\0001\0001\000\040\000s\000t\000r\000e\000a\000m\000A\000r\000r}{subsection.5.11.2}% 226
\BOOKMARK [3][-]{subsubsection.5.11.2.12}{\376\377\0005\000.\0001\0001\000.\0002\000.\0001\0002\000\040\000t\000i\000m\000e\000s\000t\000a\000m\000p\000P\000a\000t\000h}{subsection.5.11.2}% 227
\BOOKMARK [1][-]{section.5.12}{\376\377\0005\000.\0001\0002\000\040\000P\000o\000s\000e\000G\000r\000a\000p\000h\000L\000i\000b\000\040\000N\000a\000m\000e\000s\000p\000a\000c\000e\000\040\000R\000e\000f\000e\000r\000e\000n\000c\000e}{chapter.5}% 228
\BOOKMARK [1][-]{section.5.13}{\376\377\0005\000.\0001\0003\000\040\000R\000a\000w\000R\000O\000A\000M\000S\000y\000s\000t\000e\000m\000\040\000N\000a\000m\000e\000s\000p\000a\000c\000e\000\040\000R\000e\000f\000e\000r\000e\000n\000c\000e}{chapter.5}% 229
\BOOKMARK [2][-]{subsection.5.13.1}{\376\377\0005\000.\0001\0003\000.\0001\000\040\000V\000a\000r\000i\000a\000b\000l\000e\000\040\000D\000o\000c\000u\000m\000e\000n\000t\000a\000t\000i\000o\000n}{section.5.13}% 230
\BOOKMARK [3][-]{subsubsection.5.13.1.1}{\376\377\0005\000.\0001\0003\000.\0001\000.\0001\000\040\000d\000a\000t\000a\000s\000e\000t\000N\000a\000m\000e}{subsection.5.13.1}% 231
\BOOKMARK [3][-]{subsubsection.5.13.1.2}{\376\377\0005\000.\0001\0003\000.\0001\000.\0002\000\040\000e\000n\000d\000S\000e\000q\000I\000n\000d}{subsection.5.13.1}% 232
\BOOKMARK [3][-]{subsubsection.5.13.1.3}{\376\377\0005\000.\0001\0003\000.\0001\000.\0003\000\040\000i\000m\000g\000S\000a\000v\000e\000P\000a\000t\000h}{subsection.5.13.1}% 233
\BOOKMARK [3][-]{subsubsection.5.13.1.4}{\376\377\0005\000.\0001\0003\000.\0001\000.\0004\000\040\000p\000a\000r\000a\000m\000F\000l\000a\000g\000s}{subsection.5.13.1}% 234
\BOOKMARK [3][-]{subsubsection.5.13.1.5}{\376\377\0005\000.\0001\0003\000.\0001\000.\0005\000\040\000R\000A\000D\000A\000R\000\137\000C\000A\000R\000T\000\137\000C\000E\000N\000T\000E\000R}{subsection.5.13.1}% 235
\BOOKMARK [3][-]{subsubsection.5.13.1.6}{\376\377\0005\000.\0001\0003\000.\0001\000.\0006\000\040\000R\000E\000M\000O\000V\000E\000\137\000O\000L\000D\000\137\000R\000E\000S\000U\000L\000T\000S}{subsection.5.13.1}% 236
\BOOKMARK [3][-]{subsubsection.5.13.1.7}{\376\377\0005\000.\0001\0003\000.\0001\000.\0007\000\040\000s\000t\000a\000r\000t\000S\000e\000q\000I\000n\000d}{subsection.5.13.1}% 237
\BOOKMARK [3][-]{subsubsection.5.13.1.8}{\376\377\0005\000.\0001\0003\000.\0001\000.\0008\000\040\000s\000y\000s\000t\000e\000m}{subsection.5.13.1}% 238
\BOOKMARK [3][-]{subsubsection.5.13.1.9}{\376\377\0005\000.\0001\0003\000.\0001\000.\0009\000\040\000t\000r\000a\000j\000S\000a\000v\000e\000P\000a\000t\000h}{subsection.5.13.1}% 239
\BOOKMARK [3][-]{subsubsection.5.13.1.10}{\376\377\0005\000.\0001\0003\000.\0001\000.\0001\0000\000\040\000w\000a\000n\000t\000T\000o\000P\000l\000o\000t}{subsection.5.13.1}% 240
\BOOKMARK [1][-]{section.5.14}{\376\377\0005\000.\0001\0004\000\040\000t\000e\000s\000t\000M\000o\000t\000i\000o\000n\000D\000i\000s\000t\000o\000r\000t\000i\000o\000n\000\040\000N\000a\000m\000e\000s\000p\000a\000c\000e\000\040\000R\000e\000f\000e\000r\000e\000n\000c\000e}{chapter.5}% 241
\BOOKMARK [2][-]{subsection.5.14.1}{\376\377\0005\000.\0001\0004\000.\0001\000\040\000V\000a\000r\000i\000a\000b\000l\000e\000\040\000D\000o\000c\000u\000m\000e\000n\000t\000a\000t\000i\000o\000n}{section.5.14}% 242
\BOOKMARK [3][-]{subsubsection.5.14.1.1}{\376\377\0005\000.\0001\0004\000.\0001\000.\0001\000\040\000A}{subsection.5.14.1}% 243
\BOOKMARK [3][-]{subsubsection.5.14.1.2}{\376\377\0005\000.\0001\0004\000.\0001\000.\0002\000\040\000A\000\137\000i\000n\000v}{subsection.5.14.1}% 244
\BOOKMARK [3][-]{subsubsection.5.14.1.3}{\376\377\0005\000.\0001\0004\000.\0001\000.\0003\000\040\000a\000l\000p\000h\000a}{subsection.5.14.1}% 245
\BOOKMARK [3][-]{subsubsection.5.14.1.4}{\376\377\0005\000.\0001\0004\000.\0001\000.\0004\000\040\000c\000l\000e\000a\000r}{subsection.5.14.1}% 246
\BOOKMARK [3][-]{subsubsection.5.14.1.5}{\376\377\0005\000.\0001\0004\000.\0001\000.\0005\000\040\000c\000o\000v\000\137\000p}{subsection.5.14.1}% 247
\BOOKMARK [3][-]{subsubsection.5.14.1.6}{\376\377\0005\000.\0001\0004\000.\0001\000.\0006\000\040\000c\000o\000v\000\137\000v}{subsection.5.14.1}% 248
\BOOKMARK [3][-]{subsubsection.5.14.1.7}{\376\377\0005\000.\0001\0004\000.\0001\000.\0007\000\040\000c\000u\000r\000r\000e\000n\000t\000F\000r\000a\000m\000e}{subsection.5.14.1}% 249
\BOOKMARK [3][-]{subsubsection.5.14.1.8}{\376\377\0005\000.\0001\0004\000.\0001\000.\0008\000\040\000d\000i\000s\000t\000o\000r\000t\000e\000d}{subsection.5.14.1}% 250
\BOOKMARK [3][-]{subsubsection.5.14.1.9}{\376\377\0005\000.\0001\0004\000.\0001\000.\0009\000\040\000F\000a\000l\000s\000e}{subsection.5.14.1}% 251
\BOOKMARK [3][-]{subsubsection.5.14.1.10}{\376\377\0005\000.\0001\0004\000.\0001\000.\0001\0000\000\040\000f\000i\000n\000a\000l\000\137\000u\000n\000d\000i\000s\000t\000o\000r\000t\000e\000d}{subsection.5.14.1}% 252
\BOOKMARK [3][-]{subsubsection.5.14.1.11}{\376\377\0005\000.\0001\0004\000.\0001\000.\0001\0001\000\040\000f\000r\000e\000q\000u\000e\000n\000c\000y}{subsection.5.14.1}% 253
\BOOKMARK [3][-]{subsubsection.5.14.1.12}{\376\377\0005\000.\0001\0004\000.\0001\000.\0001\0002\000\040\000g\000r\000o\000u\000n\000d\000T\000r\000u\000t\000h}{subsection.5.14.1}% 254
\BOOKMARK [3][-]{subsubsection.5.14.1.13}{\376\377\0005\000.\0001\0004\000.\0001\000.\0001\0003\000\040\000h}{subsection.5.14.1}% 255
\BOOKMARK [3][-]{subsubsection.5.14.1.14}{\376\377\0005\000.\0001\0004\000.\0001\000.\0001\0004\000\040\000h\000\137\000f\000i\000t}{subsection.5.14.1}% 256
\BOOKMARK [3][-]{subsubsection.5.14.1.15}{\376\377\0005\000.\0001\0004\000.\0001\000.\0001\0005\000\040\000M\000D\000S}{subsection.5.14.1}% 257
\BOOKMARK [3][-]{subsubsection.5.14.1.16}{\376\377\0005\000.\0001\0004\000.\0001\000.\0001\0006\000\040\000N}{subsection.5.14.1}% 258
\BOOKMARK [3][-]{subsubsection.5.14.1.17}{\376\377\0005\000.\0001\0004\000.\0001\000.\0001\0007\000\040\000n\000\137\000p\000o\000i\000n\000t\000s}{subsection.5.14.1}% 259
\BOOKMARK [3][-]{subsubsection.5.14.1.18}{\376\377\0005\000.\0001\0004\000.\0001\000.\0001\0008\000\040\000n\000o\000i\000s\000e\000T\000o\000A\000d\000d}{subsection.5.14.1}% 260
\BOOKMARK [3][-]{subsubsection.5.14.1.19}{\376\377\0005\000.\0001\0004\000.\0001\000.\0001\0009\000\040\000n\000o\000i\000s\000y}{subsection.5.14.1}% 261
\BOOKMARK [3][-]{subsubsection.5.14.1.20}{\376\377\0005\000.\0001\0004\000.\0001\000.\0002\0000\000\040\000o\000u\000t\000l\000i\000e\000r\000\137\000i\000n\000d}{subsection.5.14.1}% 262
\BOOKMARK [3][-]{subsubsection.5.14.1.21}{\376\377\0005\000.\0001\0004\000.\0001\000.\0002\0001\000\040\000o\000u\000t\000l\000i\000e\000r\000\137\000r\000a\000t\000e}{subsection.5.14.1}% 263
\BOOKMARK [3][-]{subsubsection.5.14.1.22}{\376\377\0005\000.\0001\0004\000.\0001\000.\0002\0002\000\040\000p\000\137\000j\000t}{subsection.5.14.1}% 264
\BOOKMARK [3][-]{subsubsection.5.14.1.23}{\376\377\0005\000.\0001\0004\000.\0001\000.\0002\0003\000\040\000p\000\137\000w}{subsection.5.14.1}% 265
\BOOKMARK [3][-]{subsubsection.5.14.1.24}{\376\377\0005\000.\0001\0004\000.\0001\000.\0002\0004\000\040\000p\000a\000r\000a\000m\000s}{subsection.5.14.1}% 266
\BOOKMARK [3][-]{subsubsection.5.14.1.25}{\376\377\0005\000.\0001\0004\000.\0001\000.\0002\0005\000\040\000p\000e\000r\000i\000o\000d}{subsection.5.14.1}% 267
\BOOKMARK [3][-]{subsubsection.5.14.1.26}{\376\377\0005\000.\0001\0004\000.\0001\000.\0002\0006\000\040\000p\000l\000o\000t\000D\000i\000s\000p\000l\000a\000c\000e}{subsection.5.14.1}% 268
\BOOKMARK [3][-]{subsubsection.5.14.1.27}{\376\377\0005\000.\0001\0004\000.\0001\000.\0002\0007\000\040\000R\000\137\000f\000i\000t}{subsection.5.14.1}% 269
\BOOKMARK [3][-]{subsubsection.5.14.1.28}{\376\377\0005\000.\0001\0004\000.\0001\000.\0002\0008\000\040\000s\000h\000o\000w}{subsection.5.14.1}% 270
\BOOKMARK [3][-]{subsubsection.5.14.1.29}{\376\377\0005\000.\0001\0004\000.\0001\000.\0002\0009\000\040\000s\000o\000l\000u\000t\000i\000o\000n}{subsection.5.14.1}% 271
\BOOKMARK [3][-]{subsubsection.5.14.1.30}{\376\377\0005\000.\0001\0004\000.\0001\000.\0003\0000\000\040\000s\000r\000c\000C\000o\000o\000r\000d\0002}{subsection.5.14.1}% 272
\BOOKMARK [3][-]{subsubsection.5.14.1.31}{\376\377\0005\000.\0001\0004\000.\0001\000.\0003\0001\000\040\000s\000r\000c\000C\000o\000o\000r\000d\0003}{subsection.5.14.1}% 273
\BOOKMARK [3][-]{subsubsection.5.14.1.32}{\376\377\0005\000.\0001\0004\000.\0001\000.\0003\0002\000\040\000T\000\137\000w\000j}{subsection.5.14.1}% 274
\BOOKMARK [3][-]{subsubsection.5.14.1.33}{\376\377\0005\000.\0001\0004\000.\0001\000.\0003\0003\000\040\000T\000\137\000w\000j\0000}{subsection.5.14.1}% 275
\BOOKMARK [3][-]{subsubsection.5.14.1.34}{\376\377\0005\000.\0001\0004\000.\0001\000.\0003\0004\000\040\000t\000h\000e\000t\000a\000\137\000d\000e\000g}{subsection.5.14.1}% 276
\BOOKMARK [3][-]{subsubsection.5.14.1.35}{\376\377\0005\000.\0001\0004\000.\0001\000.\0003\0005\000\040\000t\000h\000e\000t\000a\000\137\000f\000i\000t}{subsection.5.14.1}% 277
\BOOKMARK [3][-]{subsubsection.5.14.1.36}{\376\377\0005\000.\0001\0004\000.\0001\000.\0003\0006\000\040\000t\000i\000t\000l\000e\000\137\000a\000p\000p\000e\000n\000d}{subsection.5.14.1}% 278
\BOOKMARK [3][-]{subsubsection.5.14.1.37}{\376\377\0005\000.\0001\0004\000.\0001\000.\0003\0007\000\040\000t\000r\000a\000n\000s\000f\000o\000r\000m}{subsection.5.14.1}% 279
\BOOKMARK [3][-]{subsubsection.5.14.1.38}{\376\377\0005\000.\0001\0004\000.\0001\000.\0003\0008\000\040\000u\000n\000d\000i\000s\000t\000o\000r\000t\000e\000d}{subsection.5.14.1}% 280
\BOOKMARK [3][-]{subsubsection.5.14.1.39}{\376\377\0005\000.\0001\0004\000.\0001\000.\0003\0009\000\040\000u\000s\000e\000O\000l\000d}{subsection.5.14.1}% 281
\BOOKMARK [3][-]{subsubsection.5.14.1.40}{\376\377\0005\000.\0001\0004\000.\0001\000.\0004\0000\000\040\000v\000\137\000j\0000}{subsection.5.14.1}% 282
\BOOKMARK [3][-]{subsubsection.5.14.1.41}{\376\377\0005\000.\0001\0004\000.\0001\000.\0004\0001\000\040\000v\000e\000l\000o\000c\000i\000t\000y}{subsection.5.14.1}% 283
\BOOKMARK [1][-]{section.5.15}{\376\377\0005\000.\0001\0005\000\040\000t\000e\000s\000t\000T\000r\000a\000n\000s\000f\000o\000r\000m\000\040\000N\000a\000m\000e\000s\000p\000a\000c\000e\000\040\000R\000e\000f\000e\000r\000e\000n\000c\000e}{chapter.5}% 284
\BOOKMARK [2][-]{subsection.5.15.1}{\376\377\0005\000.\0001\0005\000.\0001\000\040\000V\000a\000r\000i\000a\000b\000l\000e\000\040\000D\000o\000c\000u\000m\000e\000n\000t\000a\000t\000i\000o\000n}{section.5.15}% 285
\BOOKMARK [3][-]{subsubsection.5.15.1.1}{\376\377\0005\000.\0001\0005\000.\0001\000.\0001\000\040\000A}{subsection.5.15.1}% 286
\BOOKMARK [3][-]{subsubsection.5.15.1.2}{\376\377\0005\000.\0001\0005\000.\0001\000.\0002\000\040\000A\000\137\000i\000n\000v}{subsection.5.15.1}% 287
\BOOKMARK [3][-]{subsubsection.5.15.1.3}{\376\377\0005\000.\0001\0005\000.\0001\000.\0003\000\040\000a\000l\000p\000h\000a}{subsection.5.15.1}% 288
\BOOKMARK [3][-]{subsubsection.5.15.1.4}{\376\377\0005\000.\0001\0005\000.\0001\000.\0004\000\040\000c\000l\000e\000a\000r}{subsection.5.15.1}% 289
\BOOKMARK [3][-]{subsubsection.5.15.1.5}{\376\377\0005\000.\0001\0005\000.\0001\000.\0005\000\040\000F\000a\000l\000s\000e}{subsection.5.15.1}% 290
\BOOKMARK [3][-]{subsubsection.5.15.1.6}{\376\377\0005\000.\0001\0005\000.\0001\000.\0006\000\040\000h}{subsection.5.15.1}% 291
\BOOKMARK [3][-]{subsubsection.5.15.1.7}{\376\377\0005\000.\0001\0005\000.\0001\000.\0007\000\040\000h\000\137\000f\000i\000t}{subsection.5.15.1}% 292
\BOOKMARK [3][-]{subsubsection.5.15.1.8}{\376\377\0005\000.\0001\0005\000.\0001\000.\0008\000\040\000N}{subsection.5.15.1}% 293
\BOOKMARK [3][-]{subsubsection.5.15.1.9}{\376\377\0005\000.\0001\0005\000.\0001\000.\0009\000\040\000n\000\137\000p\000o\000i\000n\000t\000s}{subsection.5.15.1}% 294
\BOOKMARK [3][-]{subsubsection.5.15.1.10}{\376\377\0005\000.\0001\0005\000.\0001\000.\0001\0000\000\040\000n\000o\000i\000s\000e\000T\000o\000A\000d\000d}{subsection.5.15.1}% 295
\BOOKMARK [3][-]{subsubsection.5.15.1.11}{\376\377\0005\000.\0001\0005\000.\0001\000.\0001\0001\000\040\000n\000o\000i\000s\000y}{subsection.5.15.1}% 296
\BOOKMARK [3][-]{subsubsection.5.15.1.12}{\376\377\0005\000.\0001\0005\000.\0001\000.\0001\0002\000\040\000o\000u\000t\000l\000i\000e\000r\000\137\000i\000n\000d}{subsection.5.15.1}% 297
\BOOKMARK [3][-]{subsubsection.5.15.1.13}{\376\377\0005\000.\0001\0005\000.\0001\000.\0001\0003\000\040\000o\000u\000t\000l\000i\000e\000r\000\137\000r\000a\000t\000e}{subsection.5.15.1}% 298
\BOOKMARK [3][-]{subsubsection.5.15.1.14}{\376\377\0005\000.\0001\0005\000.\0001\000.\0001\0004\000\040\000R\000\137\000f\000i\000t}{subsection.5.15.1}% 299
\BOOKMARK [3][-]{subsubsection.5.15.1.15}{\376\377\0005\000.\0001\0005\000.\0001\000.\0001\0005\000\040\000s\000h\000o\000w}{subsection.5.15.1}% 300
\BOOKMARK [3][-]{subsubsection.5.15.1.16}{\376\377\0005\000.\0001\0005\000.\0001\000.\0001\0006\000\040\000s\000r\000c\000C\000o\000o\000r\000d}{subsection.5.15.1}% 301
\BOOKMARK [3][-]{subsubsection.5.15.1.17}{\376\377\0005\000.\0001\0005\000.\0001\000.\0001\0007\000\040\000s\000r\000c\000C\000o\000o\000r\000d\0002}{subsection.5.15.1}% 302
\BOOKMARK [3][-]{subsubsection.5.15.1.18}{\376\377\0005\000.\0001\0005\000.\0001\000.\0001\0008\000\040\000t\000a\000r\000g\000e\000t\000C\000o\000o\000r\000d}{subsection.5.15.1}% 303
\BOOKMARK [3][-]{subsubsection.5.15.1.19}{\376\377\0005\000.\0001\0005\000.\0001\000.\0001\0009\000\040\000t\000h\000e\000t\000a\000\137\000d\000e\000g}{subsection.5.15.1}% 304
\BOOKMARK [3][-]{subsubsection.5.15.1.20}{\376\377\0005\000.\0001\0005\000.\0001\000.\0002\0000\000\040\000t\000h\000e\000t\000a\000\137\000f\000i\000t}{subsection.5.15.1}% 305
\BOOKMARK [3][-]{subsubsection.5.15.1.21}{\376\377\0005\000.\0001\0005\000.\0001\000.\0002\0001\000\040\000t\000i\000t\000l\000e\000\137\000a\000p\000p\000e\000n\000d}{subsection.5.15.1}% 306
\BOOKMARK [3][-]{subsubsection.5.15.1.22}{\376\377\0005\000.\0001\0005\000.\0001\000.\0002\0002\000\040\000u\000s\000e\000O\000l\000d}{subsection.5.15.1}% 307
\BOOKMARK [1][-]{section.5.16}{\376\377\0005\000.\0001\0006\000\040\000T\000r\000a\000c\000k\000e\000r\000\040\000N\000a\000m\000e\000s\000p\000a\000c\000e\000\040\000R\000e\000f\000e\000r\000e\000n\000c\000e}{chapter.5}% 308
\BOOKMARK [1][-]{section.5.17}{\376\377\0005\000.\0001\0007\000\040\000t\000r\000a\000j\000e\000c\000t\000o\000r\000y\000P\000l\000o\000t\000t\000i\000n\000g\000\040\000N\000a\000m\000e\000s\000p\000a\000c\000e\000\040\000R\000e\000f\000e\000r\000e\000n\000c\000e}{chapter.5}% 309
\BOOKMARK [2][-]{subsection.5.17.1}{\376\377\0005\000.\0001\0007\000.\0001\000\040\000F\000u\000n\000c\000t\000i\000o\000n\000\040\000D\000o\000c\000u\000m\000e\000n\000t\000a\000t\000i\000o\000n}{section.5.17}% 310
\BOOKMARK [3][-]{subsubsection.5.17.1.1}{\376\377\0005\000.\0001\0007\000.\0001\000.\0001\000\040\000c\000o\000m\000p\000u\000t\000e\000P\000o\000s\000e\000s\000R\000M\000S\000E\000\050\000\051}{subsection.5.17.1}% 311
\BOOKMARK [3][-]{subsubsection.5.17.1.2}{\376\377\0005\000.\0001\0007\000.\0001\000.\0002\000\040\000g\000e\000t\000G\000r\000o\000u\000n\000d\000T\000r\000u\000t\000h\000T\000r\000a\000j\000e\000c\000t\000o\000r\000y\000\050\000\051}{subsection.5.17.1}% 312
\BOOKMARK [3][-]{subsubsection.5.17.1.3}{\376\377\0005\000.\0001\0007\000.\0001\000.\0003\000\040\000g\000e\000t\000G\000r\000o\000u\000n\000d\000T\000r\000u\000t\000h\000T\000r\000a\000j\000e\000c\000t\000o\000r\000y\000G\000P\000S\000\050\000\051}{subsection.5.17.1}% 313
\BOOKMARK [3][-]{subsubsection.5.17.1.4}{\376\377\0005\000.\0001\0007\000.\0001\000.\0004\000\040\000p\000l\000o\000t\000G\000t\000A\000n\000d\000E\000s\000t\000T\000r\000a\000j\000e\000c\000t\000o\000r\000y\000\050\000\051}{subsection.5.17.1}% 314
\BOOKMARK [2][-]{subsection.5.17.2}{\376\377\0005\000.\0001\0007\000.\0002\000\040\000V\000a\000r\000i\000a\000b\000l\000e\000\040\000D\000o\000c\000u\000m\000e\000n\000t\000a\000t\000i\000o\000n}{section.5.17}% 315
\BOOKMARK [3][-]{subsubsection.5.17.2.1}{\376\377\0005\000.\0001\0007\000.\0002\000.\0001\000\040\000b\000l\000o\000c\000k}{subsection.5.17.2}% 316
\BOOKMARK [3][-]{subsubsection.5.17.2.2}{\376\377\0005\000.\0001\0007\000.\0002\000.\0002\000\040\000d\000a\000t\000a\000s\000e\000t\000N\000a\000m\000e}{subsection.5.17.2}% 317
\BOOKMARK [3][-]{subsubsection.5.17.2.3}{\376\377\0005\000.\0001\0007\000.\0002\000.\0003\000\040\000e\000s\000t\000P\000o\000s\000e\000s}{subsection.5.17.2}% 318
\BOOKMARK [3][-]{subsubsection.5.17.2.4}{\376\377\0005\000.\0001\0007\000.\0002\000.\0004\000\040\000e\000s\000t\000T\000r\000a\000j}{subsection.5.17.2}% 319
\BOOKMARK [3][-]{subsubsection.5.17.2.5}{\376\377\0005\000.\0001\0007\000.\0002\000.\0005\000\040\000g\000t\000P\000a\000t\000h}{subsection.5.17.2}% 320
\BOOKMARK [3][-]{subsubsection.5.17.2.6}{\376\377\0005\000.\0001\0007\000.\0002\000.\0006\000\040\000g\000t\000T\000r\000a\000j}{subsection.5.17.2}% 321
\BOOKMARK [3][-]{subsubsection.5.17.2.7}{\376\377\0005\000.\0001\0007\000.\0002\000.\0007\000\040\000k\000e\000y\000f\000r\000a\000m\000e\000\137\000t\000i\000m\000e\000s\000t\000a\000m\000p\000s}{subsection.5.17.2}% 322
\BOOKMARK [3][-]{subsubsection.5.17.2.8}{\376\377\0005\000.\0001\0007\000.\0002\000.\0008\000\040\000n\000o\000i\000s\000e}{subsection.5.17.2}% 323
\BOOKMARK [3][-]{subsubsection.5.17.2.9}{\376\377\0005\000.\0001\0007\000.\0002\000.\0009\000\040\000t\000i\000m\000e\000s\000t\000a\000m\000p\000P\000a\000t\000h}{subsection.5.17.2}% 324
\BOOKMARK [1][-]{section.5.18}{\376\377\0005\000.\0001\0008\000\040\000u\000t\000i\000l\000s\000\040\000N\000a\000m\000e\000s\000p\000a\000c\000e\000\040\000R\000e\000f\000e\000r\000e\000n\000c\000e}{chapter.5}% 325
\BOOKMARK [2][-]{subsection.5.18.1}{\376\377\0005\000.\0001\0008\000.\0001\000\040\000F\000u\000n\000c\000t\000i\000o\000n\000\040\000D\000o\000c\000u\000m\000e\000n\000t\000a\000t\000i\000o\000n}{section.5.18}% 326
\BOOKMARK [3][-]{subsubsection.5.18.1.1}{\376\377\0005\000.\0001\0008\000.\0001\000.\0001\000\040\000c\000o\000n\000v\000e\000r\000t\000P\000o\000s\000e\000T\000o\000T\000r\000a\000n\000s\000f\000o\000r\000m\000\050\000\051}{subsection.5.18.1}% 327
\BOOKMARK [3][-]{subsubsection.5.18.1.2}{\376\377\0005\000.\0001\0008\000.\0001\000.\0002\000\040\000c\000o\000n\000v\000e\000r\000t\000R\000a\000n\000d\000H\000t\000o\000D\000e\000l\000t\000a\000s\000\050\000\051}{subsection.5.18.1}% 328
\BOOKMARK [3][-]{subsubsection.5.18.1.3}{\376\377\0005\000.\0001\0008\000.\0001\000.\0003\000\040\000c\000o\000n\000v\000e\000r\000t\000T\000r\000a\000n\000s\000f\000o\000r\000m\000T\000o\000P\000o\000s\000e\000\050\000\051}{subsection.5.18.1}% 329
\BOOKMARK [3][-]{subsubsection.5.18.1.4}{\376\377\0005\000.\0001\0008\000.\0001\000.\0004\000\040\000f\000\137\000a\000r\000r\000\050\000\051}{subsection.5.18.1}% 330
\BOOKMARK [3][-]{subsubsection.5.18.1.5}{\376\377\0005\000.\0001\0008\000.\0001\000.\0005\000\040\000f\000l\000a\000t\000t\000e\000n\000\050\000\051}{subsection.5.18.1}% 331
\BOOKMARK [3][-]{subsubsection.5.18.1.6}{\376\377\0005\000.\0001\0008\000.\0001\000.\0006\000\040\000g\000e\000t\000R\000o\000t\000a\000t\000i\000o\000n\000M\000a\000t\000r\000i\000x\000\050\000\051}{subsection.5.18.1}% 332
\BOOKMARK [3][-]{subsubsection.5.18.1.7}{\376\377\0005\000.\0001\0008\000.\0001\000.\0007\000\040\000h\000o\000m\000o\000g\000e\000n\000i\000z\000e\000\050\000\051}{subsection.5.18.1}% 333
\BOOKMARK [3][-]{subsubsection.5.18.1.8}{\376\377\0005\000.\0001\0008\000.\0001\000.\0008\000\040\000i\000n\000v\000e\000r\000t\000\137\000t\000r\000a\000n\000s\000f\000o\000r\000m\000\050\000\051}{subsection.5.18.1}% 334
\BOOKMARK [3][-]{subsubsection.5.18.1.9}{\376\377\0005\000.\0001\0008\000.\0001\000.\0009\000\040\000n\000o\000r\000m\000a\000l\000i\000z\000e\000\137\000a\000n\000g\000l\000e\000s\000\050\000\051}{subsection.5.18.1}% 335
\BOOKMARK [3][-]{subsubsection.5.18.1.10}{\376\377\0005\000.\0001\0008\000.\0001\000.\0001\0000\000\040\000p\000l\000t\000\137\000f\000u\000l\000l\000\137\000e\000x\000t\000e\000n\000t\000\050\000\051}{subsection.5.18.1}% 336
\BOOKMARK [3][-]{subsubsection.5.18.1.11}{\376\377\0005\000.\0001\0008\000.\0001\000.\0001\0001\000\040\000p\000l\000t\000\137\000s\000a\000v\000e\000f\000i\000g\000\137\000b\000y\000\137\000a\000x\000i\000s\000\050\000\051}{subsection.5.18.1}% 337
\BOOKMARK [3][-]{subsubsection.5.18.1.12}{\376\377\0005\000.\0001\0008\000.\0001\000.\0001\0002\000\040\000q\000u\000i\000v\000e\000r\000\050\000\051}{subsection.5.18.1}% 338
\BOOKMARK [3][-]{subsubsection.5.18.1.13}{\376\377\0005\000.\0001\0008\000.\0001\000.\0001\0003\000\040\000r\000a\000d\000a\000r\000I\000m\000g\000P\000a\000t\000h\000T\000o\000T\000i\000m\000e\000s\000t\000a\000m\000p\000\050\000\051}{subsection.5.18.1}% 339
\BOOKMARK [3][-]{subsubsection.5.18.1.14}{\376\377\0005\000.\0001\0008\000.\0001\000.\0001\0004\000\040\000t\000i\000c\000\050\000\051}{subsection.5.18.1}% 340
\BOOKMARK [3][-]{subsubsection.5.18.1.15}{\376\377\0005\000.\0001\0008\000.\0001\000.\0001\0005\000\040\000t\000o\000c\000\050\000\051}{subsection.5.18.1}% 341
\BOOKMARK [0][-]{chapter.6}{\376\377\0006\000\040\000C\000l\000a\000s\000s\000\040\000D\000o\000c\000u\000m\000e\000n\000t\000a\000t\000i\000o\000n}{}% 342
\BOOKMARK [1][-]{section.6.1}{\376\377\0006\000.\0001\000\040\000B\000u\000n\000d\000l\000e\000A\000d\000j\000u\000s\000t\000m\000e\000n\000t\000\040\000C\000l\000a\000s\000s\000\040\000R\000e\000f\000e\000r\000e\000n\000c\000e}{chapter.6}% 343
\BOOKMARK [2][-]{subsection.6.1.1}{\376\377\0006\000.\0001\000.\0001\000\040\000C\000o\000n\000s\000t\000r\000u\000c\000t\000o\000r\000\040\000\046\000\040\000D\000e\000s\000t\000r\000u\000c\000t\000o\000r\000\040\000D\000o\000c\000u\000m\000e\000n\000t\000a\000t\000i\000o\000n}{section.6.1}% 344
\BOOKMARK [3][-]{subsubsection.6.1.1.1}{\376\377\0006\000.\0001\000.\0001\000.\0001\000\040\000\137\000\137\000i\000n\000i\000t\000\137\000\137\000\050\000\051}{subsection.6.1.1}% 345
\BOOKMARK [2][-]{subsection.6.1.2}{\376\377\0006\000.\0001\000.\0002\000\040\000M\000e\000m\000b\000e\000r\000\040\000F\000u\000n\000c\000t\000i\000o\000n\000\040\000D\000o\000c\000u\000m\000e\000n\000t\000a\000t\000i\000o\000n}{section.6.1}% 346
\BOOKMARK [3][-]{subsubsection.6.1.2.1}{\376\377\0006\000.\0001\000.\0002\000.\0001\000\040\000a\000d\000d\000\137\000e\000d\000g\000e\000\050\000\051}{subsection.6.1.2}% 347
\BOOKMARK [3][-]{subsubsection.6.1.2.2}{\376\377\0006\000.\0001\000.\0002\000.\0002\000\040\000a\000d\000d\000\137\000p\000o\000i\000n\000t\000\050\000\051}{subsection.6.1.2}% 348
\BOOKMARK [3][-]{subsubsection.6.1.2.3}{\376\377\0006\000.\0001\000.\0002\000.\0003\000\040\000a\000d\000d\000\137\000p\000o\000s\000e\000\050\000\051}{subsection.6.1.2}% 349
\BOOKMARK [3][-]{subsubsection.6.1.2.4}{\376\377\0006\000.\0001\000.\0002\000.\0004\000\040\000g\000e\000t\000\137\000p\000o\000i\000n\000t\000\050\000\051}{subsection.6.1.2}% 350
\BOOKMARK [3][-]{subsubsection.6.1.2.5}{\376\377\0006\000.\0001\000.\0002\000.\0005\000\040\000g\000e\000t\000\137\000p\000o\000s\000e\000\050\000\051}{subsection.6.1.2}% 351
\BOOKMARK [3][-]{subsubsection.6.1.2.6}{\376\377\0006\000.\0001\000.\0002\000.\0006\000\040\000o\000p\000t\000i\000m\000i\000z\000e\000\050\000\051}{subsection.6.1.2}% 352
\BOOKMARK [1][-]{section.6.2}{\376\377\0006\000.\0002\000\040\000C\000a\000r\000t\000C\000o\000o\000r\000d\000\040\000C\000l\000a\000s\000s\000\040\000R\000e\000f\000e\000r\000e\000n\000c\000e}{chapter.6}% 353
\BOOKMARK [2][-]{subsection.6.2.1}{\376\377\0006\000.\0002\000.\0001\000\040\000D\000e\000t\000a\000i\000l\000e\000d\000\040\000D\000e\000s\000c\000r\000i\000p\000t\000i\000o\000n}{section.6.2}% 354
\BOOKMARK [2][-]{subsection.6.2.2}{\376\377\0006\000.\0002\000.\0002\000\040\000C\000o\000n\000s\000t\000r\000u\000c\000t\000o\000r\000\040\000\046\000\040\000D\000e\000s\000t\000r\000u\000c\000t\000o\000r\000\040\000D\000o\000c\000u\000m\000e\000n\000t\000a\000t\000i\000o\000n}{section.6.2}% 355
\BOOKMARK [3][-]{subsubsection.6.2.2.1}{\376\377\0006\000.\0002\000.\0002\000.\0001\000\040\000\137\000\137\000i\000n\000i\000t\000\137\000\137\000\050\000\051}{subsection.6.2.2}% 356
\BOOKMARK [2][-]{subsection.6.2.3}{\376\377\0006\000.\0002\000.\0003\000\040\000M\000e\000m\000b\000e\000r\000\040\000F\000u\000n\000c\000t\000i\000o\000n\000\040\000D\000o\000c\000u\000m\000e\000n\000t\000a\000t\000i\000o\000n}{section.6.2}% 357
\BOOKMARK [3][-]{subsubsection.6.2.3.1}{\376\377\0006\000.\0002\000.\0003\000.\0001\000\040\000\137\000\137\000s\000t\000r\000\137\000\137\000\050\000\051}{subsection.6.2.3}% 358
\BOOKMARK [3][-]{subsubsection.6.2.3.2}{\376\377\0006\000.\0002\000.\0003\000.\0002\000\040\000a\000d\000d\000\050\000\051}{subsection.6.2.3}% 359
\BOOKMARK [3][-]{subsubsection.6.2.3.3}{\376\377\0006\000.\0002\000.\0003\000.\0003\000\040\000a\000d\000d\000C\000o\000o\000r\000d\000\050\000\051}{subsection.6.2.3}% 360
\BOOKMARK [3][-]{subsubsection.6.2.3.4}{\376\377\0006\000.\0002\000.\0003\000.\0004\000\040\000a\000s\000T\000u\000p\000l\000e\000\050\000\051}{subsection.6.2.3}% 361
\BOOKMARK [3][-]{subsubsection.6.2.3.5}{\376\377\0006\000.\0002\000.\0003\000.\0005\000\040\000g\000e\000t\000A\000n\000g\000l\000e\000\050\000\051}{subsection.6.2.3}% 362
\BOOKMARK [3][-]{subsubsection.6.2.3.6}{\376\377\0006\000.\0002\000.\0003\000.\0006\000\040\000g\000e\000t\000D\000i\000s\000t\000a\000n\000c\000e\000\050\000\051}{subsection.6.2.3}% 363
\BOOKMARK [3][-]{subsubsection.6.2.3.7}{\376\377\0006\000.\0002\000.\0003\000.\0007\000\040\000g\000e\000t\000X\000\050\000\051}{subsection.6.2.3}% 364
\BOOKMARK [3][-]{subsubsection.6.2.3.8}{\376\377\0006\000.\0002\000.\0003\000.\0008\000\040\000g\000e\000t\000Y\000\050\000\051}{subsection.6.2.3}% 365
\BOOKMARK [3][-]{subsubsection.6.2.3.9}{\376\377\0006\000.\0002\000.\0003\000.\0009\000\040\000s\000c\000a\000l\000e\000\050\000\051}{subsection.6.2.3}% 366
\BOOKMARK [3][-]{subsubsection.6.2.3.10}{\376\377\0006\000.\0002\000.\0003\000.\0001\0000\000\040\000s\000c\000a\000l\000e\000X\000\050\000\051}{subsection.6.2.3}% 367
\BOOKMARK [3][-]{subsubsection.6.2.3.11}{\376\377\0006\000.\0002\000.\0003\000.\0001\0001\000\040\000s\000c\000a\000l\000e\000Y\000\050\000\051}{subsection.6.2.3}% 368
\BOOKMARK [3][-]{subsubsection.6.2.3.12}{\376\377\0006\000.\0002\000.\0003\000.\0001\0002\000\040\000s\000u\000b\000\050\000\051}{subsection.6.2.3}% 369
\BOOKMARK [2][-]{subsection.6.2.4}{\376\377\0006\000.\0002\000.\0004\000\040\000M\000e\000m\000b\000e\000r\000\040\000D\000a\000t\000a\000\040\000D\000o\000c\000u\000m\000e\000n\000t\000a\000t\000i\000o\000n}{section.6.2}% 370
\BOOKMARK [3][-]{subsubsection.6.2.4.1}{\376\377\0006\000.\0002\000.\0004\000.\0001\000\040\000x}{subsection.6.2.4}% 371
\BOOKMARK [3][-]{subsubsection.6.2.4.2}{\376\377\0006\000.\0002\000.\0004\000.\0002\000\040\000y}{subsection.6.2.4}% 372
\BOOKMARK [1][-]{section.6.3}{\376\377\0006\000.\0003\000\040\000K\000e\000y\000f\000r\000a\000m\000e\000\040\000C\000l\000a\000s\000s\000\040\000R\000e\000f\000e\000r\000e\000n\000c\000e}{chapter.6}% 373
\BOOKMARK [2][-]{subsection.6.3.1}{\376\377\0006\000.\0003\000.\0001\000\040\000C\000o\000n\000s\000t\000r\000u\000c\000t\000o\000r\000\040\000\046\000\040\000D\000e\000s\000t\000r\000u\000c\000t\000o\000r\000\040\000D\000o\000c\000u\000m\000e\000n\000t\000a\000t\000i\000o\000n}{section.6.3}% 374
\BOOKMARK [3][-]{subsubsection.6.3.1.1}{\376\377\0006\000.\0003\000.\0001\000.\0001\000\040\000\137\000\137\000i\000n\000i\000t\000\137\000\137\000\050\000\051}{subsection.6.3.1}% 375
\BOOKMARK [2][-]{subsection.6.3.2}{\376\377\0006\000.\0003\000.\0002\000\040\000M\000e\000m\000b\000e\000r\000\040\000F\000u\000n\000c\000t\000i\000o\000n\000\040\000D\000o\000c\000u\000m\000e\000n\000t\000a\000t\000i\000o\000n}{section.6.3}% 376
\BOOKMARK [3][-]{subsubsection.6.3.2.1}{\376\377\0006\000.\0003\000.\0002\000.\0001\000\040\000c\000o\000n\000v\000e\000r\000t\000F\000e\000a\000t\000u\000r\000e\000s\000L\000o\000c\000a\000l\000T\000o\000G\000l\000o\000b\000a\000l\000\050\000\051}{subsection.6.3.2}% 377
\BOOKMARK [3][-]{subsubsection.6.3.2.2}{\376\377\0006\000.\0003\000.\0002\000.\0002\000\040\000c\000o\000p\000y\000F\000r\000o\000m\000O\000t\000h\000e\000r\000K\000e\000y\000f\000r\000a\000m\000e\000\050\000\051}{subsection.6.3.2}% 378
\BOOKMARK [3][-]{subsubsection.6.3.2.3}{\376\377\0006\000.\0003\000.\0002\000.\0003\000\040\000g\000e\000t\000P\000r\000u\000n\000e\000d\000F\000e\000a\000t\000u\000r\000e\000s\000G\000l\000o\000b\000a\000l\000P\000o\000s\000i\000t\000i\000o\000n\000\050\000\051}{subsection.6.3.2}% 379
\BOOKMARK [3][-]{subsubsection.6.3.2.4}{\376\377\0006\000.\0003\000.\0002\000.\0004\000\040\000p\000r\000u\000n\000e\000F\000e\000a\000t\000u\000r\000e\000P\000o\000i\000n\000t\000s\000\050\000\051}{subsection.6.3.2}% 380
\BOOKMARK [3][-]{subsubsection.6.3.2.5}{\376\377\0006\000.\0003\000.\0002\000.\0005\000\040\000u\000p\000d\000a\000t\000e\000I\000n\000f\000o\000\050\000\051}{subsection.6.3.2}% 381
\BOOKMARK [2][-]{subsection.6.3.3}{\376\377\0006\000.\0003\000.\0003\000\040\000M\000e\000m\000b\000e\000r\000\040\000D\000a\000t\000a\000\040\000D\000o\000c\000u\000m\000e\000n\000t\000a\000t\000i\000o\000n}{section.6.3}% 382
\BOOKMARK [3][-]{subsubsection.6.3.3.1}{\376\377\0006\000.\0003\000.\0003\000.\0001\000\040\000f\000e\000a\000t\000u\000r\000e\000P\000o\000i\000n\000t\000s\000L\000o\000c\000a\000l}{subsection.6.3.3}% 383
\BOOKMARK [3][-]{subsubsection.6.3.3.2}{\376\377\0006\000.\0003\000.\0003\000.\0002\000\040\000f\000e\000a\000t\000u\000r\000e\000P\000o\000i\000n\000t\000s\000L\000o\000c\000a\000l\000U\000n\000d\000i\000s\000t\000o\000r\000t\000e\000d}{subsection.6.3.3}% 384
\BOOKMARK [3][-]{subsubsection.6.3.3.3}{\376\377\0006\000.\0003\000.\0003\000.\0003\000\040\000p\000o\000i\000n\000t\000C\000l\000o\000u\000d}{subsection.6.3.3}% 385
\BOOKMARK [3][-]{subsubsection.6.3.3.4}{\376\377\0006\000.\0003\000.\0003\000.\0004\000\040\000p\000o\000s\000e}{subsection.6.3.3}% 386
\BOOKMARK [3][-]{subsubsection.6.3.3.5}{\376\377\0006\000.\0003\000.\0003\000.\0005\000\040\000p\000r\000u\000n\000e\000d\000F\000e\000a\000t\000u\000r\000e\000P\000o\000i\000n\000t\000s}{subsection.6.3.3}% 387
\BOOKMARK [3][-]{subsubsection.6.3.3.6}{\376\377\0006\000.\0003\000.\0003\000.\0006\000\040\000p\000r\000u\000n\000e\000d\000U\000n\000d\000i\000s\000t\000o\000r\000t\000e\000d\000L\000o\000c\000a\000l\000s}{subsection.6.3.3}% 388
\BOOKMARK [3][-]{subsubsection.6.3.3.7}{\376\377\0006\000.\0003\000.\0003\000.\0007\000\040\000r\000a\000d\000a\000r\000P\000o\000l\000a\000r\000I\000m\000g}{subsection.6.3.3}% 389
\BOOKMARK [3][-]{subsubsection.6.3.3.8}{\376\377\0006\000.\0003\000.\0003\000.\0008\000\040\000v\000e\000l\000o\000c\000i\000t\000y}{subsection.6.3.3}% 390
\BOOKMARK [1][-]{section.6.4}{\376\377\0006\000.\0004\000\040\000M\000a\000p\000\040\000C\000l\000a\000s\000s\000\040\000R\000e\000f\000e\000r\000e\000n\000c\000e}{chapter.6}% 391
\BOOKMARK [2][-]{subsection.6.4.1}{\376\377\0006\000.\0004\000.\0001\000\040\000C\000o\000n\000s\000t\000r\000u\000c\000t\000o\000r\000\040\000\046\000\040\000D\000e\000s\000t\000r\000u\000c\000t\000o\000r\000\040\000D\000o\000c\000u\000m\000e\000n\000t\000a\000t\000i\000o\000n}{section.6.4}% 392
\BOOKMARK [3][-]{subsubsection.6.4.1.1}{\376\377\0006\000.\0004\000.\0001\000.\0001\000\040\000\137\000\137\000i\000n\000i\000t\000\137\000\137\000\050\000\051}{subsection.6.4.1}% 393
\BOOKMARK [2][-]{subsection.6.4.2}{\376\377\0006\000.\0004\000.\0002\000\040\000M\000e\000m\000b\000e\000r\000\040\000F\000u\000n\000c\000t\000i\000o\000n\000\040\000D\000o\000c\000u\000m\000e\000n\000t\000a\000t\000i\000o\000n}{section.6.4}% 394
\BOOKMARK [3][-]{subsubsection.6.4.2.1}{\376\377\0006\000.\0004\000.\0002\000.\0001\000\040\000a\000d\000d\000K\000e\000y\000f\000r\000a\000m\000e\000\050\000\051}{subsection.6.4.2}% 395
\BOOKMARK [3][-]{subsubsection.6.4.2.2}{\376\377\0006\000.\0004\000.\0002\000.\0002\000\040\000i\000s\000G\000o\000o\000d\000K\000e\000y\000f\000r\000a\000m\000e\000\050\000\051}{subsection.6.4.2}% 396
\BOOKMARK [3][-]{subsubsection.6.4.2.3}{\376\377\0006\000.\0004\000.\0002\000.\0003\000\040\000p\000l\000o\000t\000\050\000\051}{subsection.6.4.2}% 397
\BOOKMARK [3][-]{subsubsection.6.4.2.4}{\376\377\0006\000.\0004\000.\0002\000.\0004\000\040\000u\000p\000d\000a\000t\000e\000I\000n\000t\000e\000r\000n\000a\000l\000T\000r\000a\000j\000\050\000\051}{subsection.6.4.2}% 398
\BOOKMARK [2][-]{subsection.6.4.3}{\376\377\0006\000.\0004\000.\0003\000\040\000M\000e\000m\000b\000e\000r\000\040\000D\000a\000t\000a\000\040\000D\000o\000c\000u\000m\000e\000n\000t\000a\000t\000i\000o\000n}{section.6.4}% 399
\BOOKMARK [3][-]{subsubsection.6.4.3.1}{\376\377\0006\000.\0004\000.\0003\000.\0001\000\040\000e\000s\000t\000T\000r\000a\000j}{subsection.6.4.3}% 400
\BOOKMARK [3][-]{subsubsection.6.4.3.2}{\376\377\0006\000.\0004\000.\0003\000.\0002\000\040\000f\000i\000l\000e\000P\000a\000t\000h\000s}{subsection.6.4.3}% 401
\BOOKMARK [3][-]{subsubsection.6.4.3.3}{\376\377\0006\000.\0004\000.\0003\000.\0003\000\040\000i\000m\000g\000P\000a\000t\000h\000A\000r\000r}{subsection.6.4.3}% 402
\BOOKMARK [3][-]{subsubsection.6.4.3.4}{\376\377\0006\000.\0004\000.\0003\000.\0004\000\040\000k\000e\000y\000f\000r\000a\000m\000e\000s}{subsection.6.4.3}% 403
\BOOKMARK [3][-]{subsubsection.6.4.3.5}{\376\377\0006\000.\0004\000.\0003\000.\0005\000\040\000m\000a\000p\000P\000o\000i\000n\000t\000s}{subsection.6.4.3}% 404
\BOOKMARK [3][-]{subsubsection.6.4.3.6}{\376\377\0006\000.\0004\000.\0003\000.\0006\000\040\000s\000e\000q\000u\000e\000n\000c\000e\000N\000a\000m\000e}{subsection.6.4.3}% 405
\BOOKMARK [3][-]{subsubsection.6.4.3.7}{\376\377\0006\000.\0004\000.\0003\000.\0007\000\040\000s\000e\000q\000u\000e\000n\000c\000e\000S\000i\000z\000e}{subsection.6.4.3}% 406
\BOOKMARK [1][-]{section.6.5}{\376\377\0006\000.\0005\000\040\000M\000o\000t\000i\000o\000n\000D\000i\000s\000t\000o\000r\000t\000i\000o\000n\000S\000o\000l\000v\000e\000r\000\040\000C\000l\000a\000s\000s\000\040\000R\000e\000f\000e\000r\000e\000n\000c\000e}{chapter.6}% 407
\BOOKMARK [2][-]{subsection.6.5.1}{\376\377\0006\000.\0005\000.\0001\000\040\000C\000o\000n\000s\000t\000r\000u\000c\000t\000o\000r\000\040\000\046\000\040\000D\000e\000s\000t\000r\000u\000c\000t\000o\000r\000\040\000D\000o\000c\000u\000m\000e\000n\000t\000a\000t\000i\000o\000n}{section.6.5}% 408
\BOOKMARK [3][-]{subsubsection.6.5.1.1}{\376\377\0006\000.\0005\000.\0001\000.\0001\000\040\000\137\000\137\000i\000n\000i\000t\000\137\000\137\000\050\000\051\000\040\000[\0001\000/\0002\000]}{subsection.6.5.1}% 409
\BOOKMARK [3][-]{subsubsection.6.5.1.2}{\376\377\0006\000.\0005\000.\0001\000.\0002\000\040\000\137\000\137\000i\000n\000i\000t\000\137\000\137\000\050\000\051\000\040\000[\0002\000/\0002\000]}{subsection.6.5.1}% 410
\BOOKMARK [2][-]{subsection.6.5.2}{\376\377\0006\000.\0005\000.\0002\000\040\000M\000e\000m\000b\000e\000r\000\040\000F\000u\000n\000c\000t\000i\000o\000n\000\040\000D\000o\000c\000u\000m\000e\000n\000t\000a\000t\000i\000o\000n}{section.6.5}% 411
\BOOKMARK [3][-]{subsubsection.6.5.2.1}{\376\377\0006\000.\0005\000.\0002\000.\0001\000\040\000c\000o\000m\000p\000u\000t\000e\000\137\000t\000i\000m\000e\000\137\000d\000e\000l\000t\000a\000s\000\050\000\051}{subsection.6.5.2}% 412
\BOOKMARK [3][-]{subsubsection.6.5.2.2}{\376\377\0006\000.\0005\000.\0002\000.\0002\000\040\000e\000r\000r\000o\000r\000\050\000\051}{subsection.6.5.2}% 413
\BOOKMARK [3][-]{subsubsection.6.5.2.3}{\376\377\0006\000.\0005\000.\0002\000.\0003\000\040\000e\000r\000r\000o\000r\000\137\000v\000e\000c\000t\000o\000r\000\050\000\051}{subsection.6.5.2}% 414
\BOOKMARK [3][-]{subsubsection.6.5.2.4}{\376\377\0006\000.\0005\000.\0002\000.\0004\000\040\000e\000x\000p\000e\000c\000t\000e\000d\000\137\000o\000b\000s\000e\000r\000v\000e\000d\000\137\000p\000t\000s\000\050\000\051}{subsection.6.5.2}% 415
\BOOKMARK [3][-]{subsubsection.6.5.2.5}{\376\377\0006\000.\0005\000.\0002\000.\0005\000\040\000i\000n\000f\000e\000r\000\137\000v\000e\000l\000o\000c\000i\000t\000y\000\050\000\051}{subsection.6.5.2}% 416
\BOOKMARK [3][-]{subsubsection.6.5.2.6}{\376\377\0006\000.\0005\000.\0002\000.\0006\000\040\000j\000a\000c\000o\000b\000i\000a\000n\000\050\000\051}{subsection.6.5.2}% 417
\BOOKMARK [3][-]{subsubsection.6.5.2.7}{\376\377\0006\000.\0005\000.\0002\000.\0007\000\040\000j\000a\000c\000o\000b\000i\000a\000n\000\137\000v\000e\000c\000t\000o\000r\000\050\000\051}{subsection.6.5.2}% 418
\BOOKMARK [3][-]{subsubsection.6.5.2.8}{\376\377\0006\000.\0005\000.\0002\000.\0008\000\040\000o\000p\000t\000i\000m\000i\000z\000e\000\050\000\051}{subsection.6.5.2}% 419
\BOOKMARK [3][-]{subsubsection.6.5.2.9}{\376\377\0006\000.\0005\000.\0002\000.\0009\000\040\000o\000p\000t\000i\000m\000i\000z\000e\000\137\000l\000i\000b\000r\000a\000r\000y\000\050\000\051}{subsection.6.5.2}% 420
\BOOKMARK [3][-]{subsubsection.6.5.2.10}{\376\377\0006\000.\0005\000.\0002\000.\0001\0000\000\040\000u\000n\000d\000i\000s\000t\000o\000r\000t\000\050\000\051}{subsection.6.5.2}% 421
\BOOKMARK [3][-]{subsubsection.6.5.2.11}{\376\377\0006\000.\0005\000.\0002\000.\0001\0001\000\040\000u\000p\000d\000a\000t\000e\000\137\000p\000r\000o\000b\000l\000e\000m\000\050\000\051}{subsection.6.5.2}% 422
\BOOKMARK [2][-]{subsection.6.5.3}{\376\377\0006\000.\0005\000.\0003\000\040\000M\000e\000m\000b\000e\000r\000\040\000D\000a\000t\000a\000\040\000D\000o\000c\000u\000m\000e\000n\000t\000a\000t\000i\000o\000n}{section.6.5}% 423
\BOOKMARK [3][-]{subsubsection.6.5.3.1}{\376\377\0006\000.\0005\000.\0003\000.\0001\000\040\000d\000e\000b\000u\000g}{subsection.6.5.3}% 424
\BOOKMARK [3][-]{subsubsection.6.5.3.2}{\376\377\0006\000.\0005\000.\0003\000.\0002\000\040\000d\000T}{subsection.6.5.3}% 425
\BOOKMARK [3][-]{subsubsection.6.5.3.3}{\376\377\0006\000.\0005\000.\0003\000.\0003\000\040\000i\000n\000f\000o\000\137\000v\000e\000c\000t\000o\000r}{subsection.6.5.3}% 426
\BOOKMARK [3][-]{subsubsection.6.5.3.4}{\376\377\0006\000.\0005\000.\0003\000.\0004\000\040\000p\000\137\000j\000t}{subsection.6.5.3}% 427
\BOOKMARK [3][-]{subsubsection.6.5.3.5}{\376\377\0006\000.\0005\000.\0003\000.\0005\000\040\000p\000\137\000w}{subsection.6.5.3}% 428
\BOOKMARK [3][-]{subsubsection.6.5.3.6}{\376\377\0006\000.\0005\000.\0003\000.\0006\000\040\000s\000i\000g\000m\000a\000\137\000p}{subsection.6.5.3}% 429
\BOOKMARK [3][-]{subsubsection.6.5.3.7}{\376\377\0006\000.\0005\000.\0003\000.\0007\000\040\000s\000i\000g\000m\000a\000\137\000v}{subsection.6.5.3}% 430
\BOOKMARK [3][-]{subsubsection.6.5.3.8}{\376\377\0006\000.\0005\000.\0003\000.\0008\000\040\000T\000\137\000w\000j\0000}{subsection.6.5.3}% 431
\BOOKMARK [3][-]{subsubsection.6.5.3.9}{\376\377\0006\000.\0005\000.\0003\000.\0009\000\040\000T\000\137\000w\000j\0000\000\137\000i\000n\000v}{subsection.6.5.3}% 432
\BOOKMARK [3][-]{subsubsection.6.5.3.10}{\376\377\0006\000.\0005\000.\0003\000.\0001\0000\000\040\000T\000\137\000w\000j\000\137\000i\000n\000i\000t\000i\000a\000l}{subsection.6.5.3}% 433
\BOOKMARK [3][-]{subsubsection.6.5.3.11}{\376\377\0006\000.\0005\000.\0003\000.\0001\0001\000\040\000t\000o\000t\000a\000l\000\137\000s\000c\000a\000n\000\137\000t\000i\000m\000e}{subsection.6.5.3}% 434
\BOOKMARK [3][-]{subsubsection.6.5.3.12}{\376\377\0006\000.\0005\000.\0003\000.\0001\0002\000\040\000v\000\137\000j\000\137\000i\000n\000i\000t\000i\000a\000l}{subsection.6.5.3}% 435
\BOOKMARK [1][-]{section.6.6}{\376\377\0006\000.\0006\000\040\000P\000o\000l\000a\000r\000C\000o\000o\000r\000d\000\040\000C\000l\000a\000s\000s\000\040\000R\000e\000f\000e\000r\000e\000n\000c\000e}{chapter.6}% 436
\BOOKMARK [2][-]{subsection.6.6.1}{\376\377\0006\000.\0006\000.\0001\000\040\000D\000e\000t\000a\000i\000l\000e\000d\000\040\000D\000e\000s\000c\000r\000i\000p\000t\000i\000o\000n}{section.6.6}% 437
\BOOKMARK [2][-]{subsection.6.6.2}{\376\377\0006\000.\0006\000.\0002\000\040\000C\000o\000n\000s\000t\000r\000u\000c\000t\000o\000r\000\040\000\046\000\040\000D\000e\000s\000t\000r\000u\000c\000t\000o\000r\000\040\000D\000o\000c\000u\000m\000e\000n\000t\000a\000t\000i\000o\000n}{section.6.6}% 438
\BOOKMARK [3][-]{subsubsection.6.6.2.1}{\376\377\0006\000.\0006\000.\0002\000.\0001\000\040\000\137\000\137\000i\000n\000i\000t\000\137\000\137\000\050\000\051}{subsection.6.6.2}% 439
\BOOKMARK [2][-]{subsection.6.6.3}{\376\377\0006\000.\0006\000.\0003\000\040\000M\000e\000m\000b\000e\000r\000\040\000F\000u\000n\000c\000t\000i\000o\000n\000\040\000D\000o\000c\000u\000m\000e\000n\000t\000a\000t\000i\000o\000n}{section.6.6}% 440
\BOOKMARK [3][-]{subsubsection.6.6.3.1}{\376\377\0006\000.\0006\000.\0003\000.\0001\000\040\000\137\000\137\000s\000t\000r\000\137\000\137\000\050\000\051}{subsection.6.6.3}% 441
\BOOKMARK [3][-]{subsubsection.6.6.3.2}{\376\377\0006\000.\0006\000.\0003\000.\0002\000\040\000a\000s\000T\000u\000p\000l\000e\000\050\000\051}{subsection.6.6.3}% 442
\BOOKMARK [3][-]{subsubsection.6.6.3.3}{\376\377\0006\000.\0006\000.\0003\000.\0003\000\040\000g\000e\000t\000R\000\050\000\051}{subsection.6.6.3}% 443
\BOOKMARK [3][-]{subsubsection.6.6.3.4}{\376\377\0006\000.\0006\000.\0003\000.\0004\000\040\000g\000e\000t\000T\000h\000e\000t\000a\000\050\000\051}{subsection.6.6.3}% 444
\BOOKMARK [3][-]{subsubsection.6.6.3.5}{\376\377\0006\000.\0006\000.\0003\000.\0005\000\040\000s\000c\000a\000l\000e\000R\000\050\000\051}{subsection.6.6.3}% 445
\BOOKMARK [3][-]{subsubsection.6.6.3.6}{\376\377\0006\000.\0006\000.\0003\000.\0006\000\040\000t\000o\000C\000a\000r\000t\000\050\000\051}{subsection.6.6.3}% 446
\BOOKMARK [2][-]{subsection.6.6.4}{\376\377\0006\000.\0006\000.\0004\000\040\000M\000e\000m\000b\000e\000r\000\040\000D\000a\000t\000a\000\040\000D\000o\000c\000u\000m\000e\000n\000t\000a\000t\000i\000o\000n}{section.6.6}% 447
\BOOKMARK [3][-]{subsubsection.6.6.4.1}{\376\377\0006\000.\0006\000.\0004\000.\0001\000\040\000r}{subsection.6.6.4}% 448
\BOOKMARK [3][-]{subsubsection.6.6.4.2}{\376\377\0006\000.\0006\000.\0004\000.\0002\000\040\000t\000h\000e\000t\000a}{subsection.6.6.4}% 449
\BOOKMARK [1][-]{section.6.7}{\376\377\0006\000.\0007\000\040\000P\000o\000s\000e\000G\000r\000a\000p\000h\000O\000p\000t\000i\000m\000i\000z\000a\000t\000i\000o\000n\000\040\000C\000l\000a\000s\000s\000\040\000R\000e\000f\000e\000r\000e\000n\000c\000e}{chapter.6}% 450
\BOOKMARK [2][-]{subsection.6.7.1}{\376\377\0006\000.\0007\000.\0001\000\040\000C\000o\000n\000s\000t\000r\000u\000c\000t\000o\000r\000\040\000\046\000\040\000D\000e\000s\000t\000r\000u\000c\000t\000o\000r\000\040\000D\000o\000c\000u\000m\000e\000n\000t\000a\000t\000i\000o\000n}{section.6.7}% 451
\BOOKMARK [3][-]{subsubsection.6.7.1.1}{\376\377\0006\000.\0007\000.\0001\000.\0001\000\040\000\137\000\137\000i\000n\000i\000t\000\137\000\137\000\050\000\051}{subsection.6.7.1}% 452
\BOOKMARK [2][-]{subsection.6.7.2}{\376\377\0006\000.\0007\000.\0002\000\040\000M\000e\000m\000b\000e\000r\000\040\000F\000u\000n\000c\000t\000i\000o\000n\000\040\000D\000o\000c\000u\000m\000e\000n\000t\000a\000t\000i\000o\000n}{section.6.7}% 453
\BOOKMARK [3][-]{subsubsection.6.7.2.1}{\376\377\0006\000.\0007\000.\0002\000.\0001\000\040\000a\000d\000d\000\137\000e\000d\000g\000e\000\050\000\051}{subsection.6.7.2}% 454
\BOOKMARK [3][-]{subsubsection.6.7.2.2}{\376\377\0006\000.\0007\000.\0002\000.\0002\000\040\000a\000d\000d\000\137\000v\000e\000r\000t\000e\000x\000\050\000\051}{subsection.6.7.2}% 455
\BOOKMARK [3][-]{subsubsection.6.7.2.3}{\376\377\0006\000.\0007\000.\0002\000.\0003\000\040\000g\000e\000t\000\137\000p\000o\000s\000e\000\050\000\051}{subsection.6.7.2}% 456
\BOOKMARK [3][-]{subsubsection.6.7.2.4}{\376\377\0006\000.\0007\000.\0002\000.\0004\000\040\000o\000p\000t\000i\000m\000i\000z\000e\000\050\000\051}{subsection.6.7.2}% 457
\BOOKMARK [1][-]{section.6.8}{\376\377\0006\000.\0008\000\040\000R\000a\000w\000R\000O\000A\000M\000S\000y\000s\000t\000e\000m\000\040\000C\000l\000a\000s\000s\000\040\000R\000e\000f\000e\000r\000e\000n\000c\000e}{chapter.6}% 458
\BOOKMARK [2][-]{subsection.6.8.1}{\376\377\0006\000.\0008\000.\0001\000\040\000C\000o\000n\000s\000t\000r\000u\000c\000t\000o\000r\000\040\000\046\000\040\000D\000e\000s\000t\000r\000u\000c\000t\000o\000r\000\040\000D\000o\000c\000u\000m\000e\000n\000t\000a\000t\000i\000o\000n}{section.6.8}% 459
\BOOKMARK [3][-]{subsubsection.6.8.1.1}{\376\377\0006\000.\0008\000.\0001\000.\0001\000\040\000\137\000\137\000i\000n\000i\000t\000\137\000\137\000\050\000\051}{subsection.6.8.1}% 460
\BOOKMARK [2][-]{subsection.6.8.2}{\376\377\0006\000.\0008\000.\0002\000\040\000M\000e\000m\000b\000e\000r\000\040\000F\000u\000n\000c\000t\000i\000o\000n\000\040\000D\000o\000c\000u\000m\000e\000n\000t\000a\000t\000i\000o\000n}{section.6.8}% 461
\BOOKMARK [3][-]{subsubsection.6.8.2.1}{\376\377\0006\000.\0008\000.\0002\000.\0001\000\040\000p\000l\000o\000t\000\050\000\051}{subsection.6.8.2}% 462
\BOOKMARK [3][-]{subsubsection.6.8.2.2}{\376\377\0006\000.\0008\000.\0002\000.\0002\000\040\000p\000l\000o\000t\000T\000r\000a\000j\000\050\000\051}{subsection.6.8.2}% 463
\BOOKMARK [3][-]{subsubsection.6.8.2.3}{\376\377\0006\000.\0008\000.\0002\000.\0003\000\040\000r\000u\000n\000\050\000\051}{subsection.6.8.2}% 464
\BOOKMARK [3][-]{subsubsection.6.8.2.4}{\376\377\0006\000.\0008\000.\0002\000.\0004\000\040\000u\000p\000d\000a\000t\000e\000T\000r\000a\000j\000e\000c\000t\000o\000r\000y\000\050\000\051}{subsection.6.8.2}% 465
\BOOKMARK [3][-]{subsubsection.6.8.2.5}{\376\377\0006\000.\0008\000.\0002\000.\0005\000\040\000u\000p\000d\000a\000t\000e\000T\000r\000a\000j\000e\000c\000t\000o\000r\000y\000A\000b\000s\000o\000l\000u\000t\000e\000\050\000\051}{subsection.6.8.2}% 466
\BOOKMARK [3][-]{subsubsection.6.8.2.6}{\376\377\0006\000.\0008\000.\0002\000.\0006\000\040\000u\000p\000d\000a\000t\000e\000T\000r\000a\000j\000F\000r\000o\000m\000T\000r\000a\000c\000k\000e\000r\000\050\000\051}{subsection.6.8.2}% 467
\BOOKMARK [2][-]{subsection.6.8.3}{\376\377\0006\000.\0008\000.\0003\000\040\000M\000e\000m\000b\000e\000r\000\040\000D\000a\000t\000a\000\040\000D\000o\000c\000u\000m\000e\000n\000t\000a\000t\000i\000o\000n}{section.6.8}% 468
\BOOKMARK [3][-]{subsubsection.6.8.3.1}{\376\377\0006\000.\0008\000.\0003\000.\0001\000\040\000e\000s\000t\000T\000r\000a\000j}{subsection.6.8.3}% 469
\BOOKMARK [3][-]{subsubsection.6.8.3.2}{\376\377\0006\000.\0008\000.\0003\000.\0002\000\040\000f\000i\000g}{subsection.6.8.3}% 470
\BOOKMARK [3][-]{subsubsection.6.8.3.3}{\376\377\0006\000.\0008\000.\0003\000.\0003\000\040\000f\000i\000l\000e\000P\000a\000t\000h\000s}{subsection.6.8.3}% 471
\BOOKMARK [3][-]{subsubsection.6.8.3.4}{\376\377\0006\000.\0008\000.\0003\000.\0004\000\040\000g\000t\000T\000r\000a\000j}{subsection.6.8.3}% 472
\BOOKMARK [3][-]{subsubsection.6.8.3.5}{\376\377\0006\000.\0008\000.\0003\000.\0005\000\040\000h\000a\000s\000G\000r\000o\000u\000n\000d\000T\000r\000u\000t\000h}{subsection.6.8.3}% 473
\BOOKMARK [3][-]{subsubsection.6.8.3.6}{\376\377\0006\000.\0008\000.\0003\000.\0006\000\040\000i\000m\000g\000P\000a\000t\000h\000A\000r\000r}{subsection.6.8.3}% 474
\BOOKMARK [3][-]{subsubsection.6.8.3.7}{\376\377\0006\000.\0008\000.\0003\000.\0007\000\040\000m\000a\000p}{subsection.6.8.3}% 475
\BOOKMARK [3][-]{subsubsection.6.8.3.8}{\376\377\0006\000.\0008\000.\0003\000.\0008\000\040\000p\000a\000r\000a\000m\000F\000l\000a\000g\000s}{subsection.6.8.3}% 476
\BOOKMARK [3][-]{subsubsection.6.8.3.9}{\376\377\0006\000.\0008\000.\0003\000.\0009\000\040\000s\000e\000q\000u\000e\000n\000c\000e\000N\000a\000m\000e}{subsection.6.8.3}% 477
\BOOKMARK [3][-]{subsubsection.6.8.3.10}{\376\377\0006\000.\0008\000.\0003\000.\0001\0000\000\040\000s\000e\000q\000u\000e\000n\000c\000e\000S\000i\000z\000e}{subsection.6.8.3}% 478
\BOOKMARK [3][-]{subsubsection.6.8.3.11}{\376\377\0006\000.\0008\000.\0003\000.\0001\0001\000\040\000t\000r\000a\000c\000k\000e\000r}{subsection.6.8.3}% 479
\BOOKMARK [1][-]{section.6.9}{\376\377\0006\000.\0009\000\040\000T\000r\000a\000c\000k\000e\000r\000\040\000C\000l\000a\000s\000s\000\040\000R\000e\000f\000e\000r\000e\000n\000c\000e}{chapter.6}% 480
\BOOKMARK [2][-]{subsection.6.9.1}{\376\377\0006\000.\0009\000.\0001\000\040\000C\000o\000n\000s\000t\000r\000u\000c\000t\000o\000r\000\040\000\046\000\040\000D\000e\000s\000t\000r\000u\000c\000t\000o\000r\000\040\000D\000o\000c\000u\000m\000e\000n\000t\000a\000t\000i\000o\000n}{section.6.9}% 481
\BOOKMARK [3][-]{subsubsection.6.9.1.1}{\376\377\0006\000.\0009\000.\0001\000.\0001\000\040\000\137\000\137\000i\000n\000i\000t\000\137\000\137\000\050\000\051}{subsection.6.9.1}% 482
\BOOKMARK [2][-]{subsection.6.9.2}{\376\377\0006\000.\0009\000.\0002\000\040\000M\000e\000m\000b\000e\000r\000\040\000F\000u\000n\000c\000t\000i\000o\000n\000\040\000D\000o\000c\000u\000m\000e\000n\000t\000a\000t\000i\000o\000n}{section.6.9}% 483
\BOOKMARK [3][-]{subsubsection.6.9.2.1}{\376\377\0006\000.\0009\000.\0002\000.\0001\000\040\000g\000e\000t\000T\000r\000a\000n\000s\000f\000o\000r\000m\000\050\000\051}{subsection.6.9.2}% 484
\BOOKMARK [3][-]{subsubsection.6.9.2.2}{\376\377\0006\000.\0009\000.\0002\000.\0002\000\040\000i\000n\000i\000t\000T\000r\000a\000j\000\050\000\051}{subsection.6.9.2}% 485
\BOOKMARK [3][-]{subsubsection.6.9.2.3}{\376\377\0006\000.\0009\000.\0002\000.\0003\000\040\000p\000l\000o\000t\000\050\000\051}{subsection.6.9.2}% 486
\BOOKMARK [3][-]{subsubsection.6.9.2.4}{\376\377\0006\000.\0009\000.\0002\000.\0004\000\040\000t\000r\000a\000c\000k\000\050\000\051}{subsection.6.9.2}% 487
\BOOKMARK [2][-]{subsection.6.9.3}{\376\377\0006\000.\0009\000.\0003\000\040\000M\000e\000m\000b\000e\000r\000\040\000D\000a\000t\000a\000\040\000D\000o\000c\000u\000m\000e\000n\000t\000a\000t\000i\000o\000n}{section.6.9}% 488
\BOOKMARK [3][-]{subsubsection.6.9.3.1}{\376\377\0006\000.\0009\000.\0003\000.\0001\000\040\000e\000s\000t\000T\000r\000a\000j}{subsection.6.9.3}% 489
\BOOKMARK [3][-]{subsubsection.6.9.3.2}{\376\377\0006\000.\0009\000.\0003\000.\0002\000\040\000f\000i\000l\000e\000P\000a\000t\000h\000s}{subsection.6.9.3}% 490
\BOOKMARK [3][-]{subsubsection.6.9.3.3}{\376\377\0006\000.\0009\000.\0003\000.\0003\000\040\000g\000t\000T\000r\000a\000j}{subsection.6.9.3}% 491
\BOOKMARK [3][-]{subsubsection.6.9.3.4}{\376\377\0006\000.\0009\000.\0003\000.\0004\000\040\000i\000m\000g\000P\000a\000t\000h\000A\000r\000r}{subsection.6.9.3}% 492
\BOOKMARK [3][-]{subsubsection.6.9.3.5}{\376\377\0006\000.\0009\000.\0003\000.\0005\000\040\000p\000a\000r\000a\000m\000F\000l\000a\000g\000s}{subsection.6.9.3}% 493
\BOOKMARK [3][-]{subsubsection.6.9.3.6}{\376\377\0006\000.\0009\000.\0003\000.\0006\000\040\000s\000e\000q\000u\000e\000n\000c\000e\000N\000a\000m\000e}{subsection.6.9.3}% 494
\BOOKMARK [3][-]{subsubsection.6.9.3.7}{\376\377\0006\000.\0009\000.\0003\000.\0007\000\040\000s\000e\000q\000u\000e\000n\000c\000e\000S\000i\000z\000e}{subsection.6.9.3}% 495
\BOOKMARK [1][-]{section.6.10}{\376\377\0006\000.\0001\0000\000\040\000T\000r\000a\000j\000e\000c\000t\000o\000r\000y\000\040\000C\000l\000a\000s\000s\000\040\000R\000e\000f\000e\000r\000e\000n\000c\000e}{chapter.6}% 496
\BOOKMARK [2][-]{subsection.6.10.1}{\376\377\0006\000.\0001\0000\000.\0001\000\040\000C\000o\000n\000s\000t\000r\000u\000c\000t\000o\000r\000\040\000\046\000\040\000D\000e\000s\000t\000r\000u\000c\000t\000o\000r\000\040\000D\000o\000c\000u\000m\000e\000n\000t\000a\000t\000i\000o\000n}{section.6.10}% 497
\BOOKMARK [3][-]{subsubsection.6.10.1.1}{\376\377\0006\000.\0001\0000\000.\0001\000.\0001\000\040\000\137\000\137\000i\000n\000i\000t\000\137\000\137\000\050\000\051}{subsection.6.10.1}% 498
\BOOKMARK [2][-]{subsection.6.10.2}{\376\377\0006\000.\0001\0000\000.\0002\000\040\000M\000e\000m\000b\000e\000r\000\040\000F\000u\000n\000c\000t\000i\000o\000n\000\040\000D\000o\000c\000u\000m\000e\000n\000t\000a\000t\000i\000o\000n}{section.6.10}% 499
\BOOKMARK [3][-]{subsubsection.6.10.2.1}{\376\377\0006\000.\0001\0000\000.\0002\000.\0001\000\040\000a\000p\000p\000e\000n\000d\000A\000b\000s\000o\000l\000u\000t\000e\000T\000r\000a\000n\000s\000f\000o\000r\000m\000\050\000\051}{subsection.6.10.2}% 500
\BOOKMARK [3][-]{subsubsection.6.10.2.2}{\376\377\0006\000.\0001\0000\000.\0002\000.\0002\000\040\000a\000p\000p\000e\000n\000d\000R\000e\000l\000a\000t\000i\000v\000e\000D\000e\000l\000t\000a\000s\000\050\000\051}{subsection.6.10.2}% 501
\BOOKMARK [3][-]{subsubsection.6.10.2.3}{\376\377\0006\000.\0001\0000\000.\0002\000.\0003\000\040\000a\000p\000p\000e\000n\000d\000R\000e\000l\000a\000t\000i\000v\000e\000T\000r\000a\000n\000s\000f\000o\000r\000m\000\050\000\051}{subsection.6.10.2}% 502
\BOOKMARK [3][-]{subsubsection.6.10.2.4}{\376\377\0006\000.\0001\0000\000.\0002\000.\0004\000\040\000g\000e\000t\000G\000r\000o\000u\000n\000d\000T\000r\000u\000t\000h\000D\000e\000l\000t\000a\000s\000A\000t\000T\000i\000m\000e\000\050\000\051}{subsection.6.10.2}% 503
\BOOKMARK [3][-]{subsubsection.6.10.2.5}{\376\377\0006\000.\0001\0000\000.\0002\000.\0005\000\040\000g\000e\000t\000P\000o\000s\000e\000A\000t\000T\000i\000m\000e\000s\000\050\000\051}{subsection.6.10.2}% 504
\BOOKMARK [3][-]{subsubsection.6.10.2.6}{\376\377\0006\000.\0001\0000\000.\0002\000.\0006\000\040\000p\000l\000o\000t\000\050\000\051}{subsection.6.10.2}% 505
\BOOKMARK [2][-]{subsection.6.10.3}{\376\377\0006\000.\0001\0000\000.\0003\000\040\000M\000e\000m\000b\000e\000r\000\040\000D\000a\000t\000a\000\040\000D\000o\000c\000u\000m\000e\000n\000t\000a\000t\000i\000o\000n}{section.6.10}% 506
\BOOKMARK [3][-]{subsubsection.6.10.3.1}{\376\377\0006\000.\0001\0000\000.\0003\000.\0001\000\040\000p\000o\000s\000e\000\137\000t\000r\000a\000n\000s\000f\000o\000r\000m}{subsection.6.10.3}% 507
\BOOKMARK [3][-]{subsubsection.6.10.3.2}{\376\377\0006\000.\0001\0000\000.\0003\000.\0002\000\040\000p\000o\000s\000e\000s}{subsection.6.10.3}% 508
\BOOKMARK [3][-]{subsubsection.6.10.3.3}{\376\377\0006\000.\0001\0000\000.\0003\000.\0003\000\040\000t\000i\000m\000e\000s\000t\000a\000m\000p\000s}{subsection.6.10.3}% 509
\BOOKMARK [0][-]{section*.49}{\376\377\000I\000n\000d\000e\000x}{}% 510
